Using pre-set license
Built from '2021.3/staging' branch; Version is '2021.3.11f1 (0a5ca18544bf) revision 679073'; Using compiler version '192829333'; Build Type 'Release'
OS: 'Windows 11  (10.0.22621) 64bit Professional' Language: 'en' Physical Memory: 65320 MB
BatchMode: 1, IsHumanControllingUs: 0, StartBugReporterOnCrash: 0, Is64bit: 1, IsPro: 1

COMMAND LINE ARGUMENTS:
C:\Program Files\Unity\Hub\Editor\2021.3.11f1\Editor\Unity.exe
-adb2
-batchMode
-noUpm
-name
AssetImportWorker15
-projectPath
C:/Users/hci-admin/Documents/GitHub/DiverInterface2022
-logFile
Logs/AssetImportWorker15.log
-srvPort
51936
Successfully changed project path to: C:/Users/hci-admin/Documents/GitHub/DiverInterface2022
C:/Users/hci-admin/Documents/GitHub/DiverInterface2022
[UnityMemory] Configuration Parameters - Can be set up in boot.config
    "memorysetup-bucket-allocator-granularity=16"
    "memorysetup-bucket-allocator-bucket-count=8"
    "memorysetup-bucket-allocator-block-size=33554432"
    "memorysetup-bucket-allocator-block-count=8"
    "memorysetup-main-allocator-block-size=16777216"
    "memorysetup-thread-allocator-block-size=16777216"
    "memorysetup-gfx-main-allocator-block-size=16777216"
    "memorysetup-gfx-thread-allocator-block-size=16777216"
    "memorysetup-cache-allocator-block-size=4194304"
    "memorysetup-typetree-allocator-block-size=2097152"
    "memorysetup-profiler-bucket-allocator-granularity=16"
    "memorysetup-profiler-bucket-allocator-bucket-count=8"
    "memorysetup-profiler-bucket-allocator-block-size=33554432"
    "memorysetup-profiler-bucket-allocator-block-count=8"
    "memorysetup-profiler-allocator-block-size=16777216"
    "memorysetup-profiler-editor-allocator-block-size=1048576"
    "memorysetup-temp-allocator-size-main=16777216"
    "memorysetup-job-temp-allocator-block-size=2097152"
    "memorysetup-job-temp-allocator-block-size-background=1048576"
    "memorysetup-job-temp-allocator-reduction-small-platforms=262144"
    "memorysetup-temp-allocator-size-background-worker=32768"
    "memorysetup-temp-allocator-size-job-worker=262144"
    "memorysetup-temp-allocator-size-preload-manager=33554432"
    "memorysetup-temp-allocator-size-nav-mesh-worker=65536"
    "memorysetup-temp-allocator-size-audio-worker=65536"
    "memorysetup-temp-allocator-size-cloud-worker=32768"
    "memorysetup-temp-allocator-size-gi-baking-worker=262144"
    "memorysetup-temp-allocator-size-gfx=262144"
Refreshing native plugins compatible for Editor in 93.81 ms, found 8 plugins.
Preloading 1 native plugins for Editor in 0.34 ms.
Initialize engine version: 2021.3.11f1 (0a5ca18544bf)
[Subsystems] Discovering subsystems at path C:/Program Files/Unity/Hub/Editor/2021.3.11f1/Editor/Data/Resources/UnitySubsystems
[Subsystems] Discovering subsystems at path C:/Users/hci-admin/Documents/GitHub/DiverInterface2022/Assets
GfxDevice: creating device client; threaded=0; jobified=0
Direct3D:
    Version:  Direct3D 11.0 [level 11.1]
    Renderer: NVIDIA GeForce RTX 3080 Ti (ID=0x2208)
    Vendor:   NVIDIA
    VRAM:     12108 MB
    Driver:   30.0.14.9676
Shader 'Oculus/OVRMRCameraFrameLit': fallback shader 'Alpha-Diffuse' not found
Initialize mono
Mono path[0] = 'C:/Program Files/Unity/Hub/Editor/2021.3.11f1/Editor/Data/Managed'
Mono path[1] = 'C:/Program Files/Unity/Hub/Editor/2021.3.11f1/Editor/Data/MonoBleedingEdge/lib/mono/unityjit-win32'
Mono config path = 'C:/Program Files/Unity/Hub/Editor/2021.3.11f1/Editor/Data/MonoBleedingEdge/etc'
Using monoOptions --debugger-agent=transport=dt_socket,embedding=1,server=y,suspend=n,address=127.0.0.1:56480
Begin MonoManager ReloadAssembly
Registering precompiled unity dll's ...
Register platform support module: C:/Program Files/Unity/Hub/Editor/2021.3.11f1/Editor/Data/PlaybackEngines/AndroidPlayer/UnityEditor.Android.Extensions.dll
Register platform support module: C:/Program Files/Unity/Hub/Editor/2021.3.11f1/Editor/Data/PlaybackEngines/WindowsStandaloneSupport/UnityEditor.WindowsStandalone.Extensions.dll
Registered in 0.002508 seconds.
Native extension for WindowsStandalone target not found
Native extension for Android target not found
Refreshing native plugins compatible for Editor in 86.04 ms, found 8 plugins.
Preloading 1 native plugins for Editor in 0.08 ms.
Mono: successfully reloaded assembly
- Completed reload, in  0.444 seconds
Domain Reload Profiling:
	ReloadAssembly (444ms)
		BeginReloadAssembly (41ms)
			ExecutionOrderSort (0ms)
			DisableScriptedObjects (0ms)
			BackupInstance (0ms)
			ReleaseScriptingObjects (0ms)
			CreateAndSetChildDomain (0ms)
		EndReloadAssembly (335ms)
			LoadAssemblies (40ms)
			RebuildTransferFunctionScriptingTraits (0ms)
			SetupTypeCache (71ms)
			ReleaseScriptCaches (0ms)
			RebuildScriptCaches (17ms)
			SetupLoadedEditorAssemblies (213ms)
				LogAssemblyErrors (0ms)
				InitializePlatformSupportModulesInManaged (37ms)
				SetLoadedEditorAssemblies (0ms)
				RefreshPlugins (86ms)
				BeforeProcessingInitializeOnLoad (1ms)
				ProcessInitializeOnLoadAttributes (59ms)
				ProcessInitializeOnLoadMethodAttributes (30ms)
				AfterProcessingInitializeOnLoad (0ms)
				EditorAssembliesLoaded (0ms)
			ExecutionOrderSort2 (0ms)
			AwakeInstancesAfterBackupRestoration (0ms)
Platform modules already initialized, skipping
Registering precompiled user dll's ...
Registered in 0.004563 seconds.
Android Extension - Scanning For ADB Devices 604 ms
Begin MonoManager ReloadAssembly
Symbol file LoadedFromMemory doesn't match image C:\Users\hci-admin\Documents\GitHub\DiverInterface2022\Library\PackageCache\com.unity.visualscripting@1.7.8\Editor\VisualScripting.Core\Dependencies\DotNetZip\Unity.VisualScripting.IonicZip.dll
Symbol file LoadedFromMemory doesn't match image C:\Users\hci-admin\Documents\GitHub\DiverInterface2022\Library\PackageCache\com.unity.visualscripting@1.7.8\Editor\VisualScripting.Core\Dependencies\YamlDotNet\Unity.VisualScripting.YamlDotNet.dll
Native extension for WindowsStandalone target not found
Native extension for Android target not found
Refreshing native plugins compatible for Editor in 82.21 ms, found 8 plugins.
Preloading 1 native plugins for Editor in 0.04 ms.
Package Manager log level set to [2]
[XR] OculusXRPlugin: registering subsystems
[XR] Unable to register display lifecyle provider: [1]
[XR] Oculus Input lifecycle provider registered.
[XR] Unable to register input lifecyle provider: [1]
[XR] OVRP version 1.78.0
Mono: successfully reloaded assembly
- Completed reload, in  0.882 seconds
Domain Reload Profiling:
	ReloadAssembly (882ms)
		BeginReloadAssembly (71ms)
			ExecutionOrderSort (0ms)
			DisableScriptedObjects (3ms)
			BackupInstance (0ms)
			ReleaseScriptingObjects (0ms)
			CreateAndSetChildDomain (13ms)
		EndReloadAssembly (739ms)
			LoadAssemblies (52ms)
			RebuildTransferFunctionScriptingTraits (0ms)
			SetupTypeCache (186ms)
			ReleaseScriptCaches (0ms)
			RebuildScriptCaches (53ms)
			SetupLoadedEditorAssemblies (414ms)
				LogAssemblyErrors (0ms)
				InitializePlatformSupportModulesInManaged (8ms)
				SetLoadedEditorAssemblies (0ms)
				RefreshPlugins (82ms)
				BeforeProcessingInitializeOnLoad (67ms)
				ProcessInitializeOnLoadAttributes (196ms)
				ProcessInitializeOnLoadMethodAttributes (57ms)
				AfterProcessingInitializeOnLoad (3ms)
				EditorAssembliesLoaded (0ms)
			ExecutionOrderSort2 (0ms)
			AwakeInstancesAfterBackupRestoration (4ms)
Platform modules already initialized, skipping
========================================================================
Worker process is ready to serve import requests
Shader 'Oculus/OVRMRCameraFrameLit': fallback shader 'Alpha-Diffuse' not found
Launched and connected shader compiler UnityShaderCompiler.exe after 0.02 seconds
Refreshing native plugins compatible for Editor in 0.90 ms, found 8 plugins.
Preloading 1 native plugins for Editor in 0.04 ms.
Unloading 6472 Unused Serialized files (Serialized files now loaded: 0)
Unloading 62 unused Assets / (151.7 KB). Loaded Objects now: 6919.
Memory consumption went from 260.5 MB to 260.4 MB.
Total: 2.594900 ms (FindLiveObjects: 0.311600 ms CreateObjectMapping: 0.189100 ms MarkObjects: 1.953500 ms  DeleteObjects: 0.140200 ms)

AssetImportParameters requested are different than current active one (requested -> active):
  custom:video-decoder-ogg-theora: a1e56fd34408186e4bbccfd4996cb3dc -> 
  custom:container-muxer-webm: aa71ff27fc2769a1b78a27578f13a17b -> 
  custom:container-demuxer-webm: 4f35f7cbe854078d1ac9338744f61a02 -> 
  custom:video-encoder-webm-vp8: eb34c28f22e8b96e1ab97ce403110664 -> 
  custom:audio-encoder-webm-vorbis: bf7c407c2cedff20999df2af8eb42d56 -> 
  custom:framework-win-MediaFoundation: 216162199b28c13a410421893ffa2e32 -> 
  custom:container-demuxer-ogg: 62fdf1f143b41e24485cea50d1cbac27 -> 
  custom:video-decoder-webm-vp8: 9c59270c3fd7afecdb556c50c9e8de78 -> 
  custom:audio-decoder-ogg-vorbis: bf7c407c2cedff20999df2af8eb42d56 -> 
========================================================================
Received Import Request.
  Time since last request: 51763.705211 seconds.
  path: Assets/Diving Simulation/Resources/Ocean Assets/Prefabs/Bubbles.prefab
  artifactKey: Guid(30d3683819aaaf14789c88e0dcdbd753) Importer(815301076,1909f56bfc062723c751e8b465ee728b)
Start importing Assets/Diving Simulation/Resources/Ocean Assets/Prefabs/Bubbles.prefab using Guid(30d3683819aaaf14789c88e0dcdbd753) Importer(815301076,1909f56bfc062723c751e8b465ee728b)  -> (artifact id: '962a209fb6a6dba07f2fdaac2476bd40') in 0.189202 seconds 
========================================================================
Received Import Request.
  Time since last request: 7.216744 seconds.
  path: Assets/Diving Simulation/Resources/Ocean Assets/Prefabs/Fish School.prefab
  artifactKey: Guid(31cd7e0f78ae4f4459c42e0778304f8e) Importer(815301076,1909f56bfc062723c751e8b465ee728b)
Start importing Assets/Diving Simulation/Resources/Ocean Assets/Prefabs/Fish School.prefab using Guid(31cd7e0f78ae4f4459c42e0778304f8e) Importer(815301076,1909f56bfc062723c751e8b465ee728b)  -> (artifact id: '5610e1afdaf129a906b3b36727b16b42') in 0.042105 seconds 
========================================================================
Received Import Request.
  Time since last request: 5.775799 seconds.
  path: ProjectSettings/TagManager.asset
  artifactKey: Guid(00000000000000003000000000000000) Importer(815301076,1909f56bfc062723c751e8b465ee728b)
Start importing ProjectSettings/TagManager.asset using Guid(00000000000000003000000000000000) Importer(815301076,1909f56bfc062723c751e8b465ee728b)  -> (artifact id: '25d43dbd2dd4f8c486763f30fdfc2c72') in 0.006324 seconds 
========================================================================
Received Import Request.
  Time since last request: 3.464275 seconds.
  path: ProjectSettings/TagManager.asset
  artifactKey: Guid(00000000000000003000000000000000) Importer(815301076,1909f56bfc062723c751e8b465ee728b)
Start importing ProjectSettings/TagManager.asset using Guid(00000000000000003000000000000000) Importer(815301076,1909f56bfc062723c751e8b465ee728b)  -> (artifact id: '14730553b5ab5a529ee9e4f9da0e04ff') in 0.001762 seconds 
========================================================================
Received Import Request.
  Time since last request: 32.488810 seconds.
  path: Assets/Diving Simulation/Resources/Ocean Assets/Prefabs/Fish School.prefab
  artifactKey: Guid(31cd7e0f78ae4f4459c42e0778304f8e) Importer(815301076,1909f56bfc062723c751e8b465ee728b)
Start importing Assets/Diving Simulation/Resources/Ocean Assets/Prefabs/Fish School.prefab using Guid(31cd7e0f78ae4f4459c42e0778304f8e) Importer(815301076,1909f56bfc062723c751e8b465ee728b)  -> (artifact id: 'ddd51fcaa8306deb7214073d5f5c6414') in 0.031232 seconds 
========================================================================
Received Import Request.
  Time since last request: 549.239906 seconds.
  path: Assets/Oculus/SampleFramework/Usage/HandsTrainExample/Textures/ControllerBoxTextures/controller_plain_DiffuseGlossiness.png
  artifactKey: Guid(ed6778a8aa0ab7144ba6379c9135942b) Importer(815301076,1909f56bfc062723c751e8b465ee728b)
Start importing Assets/Oculus/SampleFramework/Usage/HandsTrainExample/Textures/ControllerBoxTextures/controller_plain_DiffuseGlossiness.png using Guid(ed6778a8aa0ab7144ba6379c9135942b) Importer(815301076,1909f56bfc062723c751e8b465ee728b)  -> (artifact id: 'c576e45c3dc2aff7139621f26d9f2e65') in 0.053785 seconds 
========================================================================
Received Import Request.
  Time since last request: 0.000031 seconds.
  path: Assets/Oculus/SampleFramework/Usage/HandsTrainExample/TrainScene/ReflectionProbe-0.png
  artifactKey: Guid(1886a7586ae500c439dc72de669677a8) Importer(815301076,1909f56bfc062723c751e8b465ee728b)
Start importing Assets/Oculus/SampleFramework/Usage/HandsTrainExample/TrainScene/ReflectionProbe-0.png using Guid(1886a7586ae500c439dc72de669677a8) Importer(815301076,1909f56bfc062723c751e8b465ee728b)  -> (artifact id: '3f989ab58244bd28134d9a626c73ff30') in 0.023219 seconds 
========================================================================
Received Import Request.
  Time since last request: 10.884407 seconds.
  path: Assets/Oculus/VR/Textures/MetaQuestTouchPro/controller_l_lo_Normal.png
  artifactKey: Guid(2771258a413ee134ab18726bc0362e4d) Importer(815301076,1909f56bfc062723c751e8b465ee728b)
Start importing Assets/Oculus/VR/Textures/MetaQuestTouchPro/controller_l_lo_Normal.png using Guid(2771258a413ee134ab18726bc0362e4d) Importer(815301076,1909f56bfc062723c751e8b465ee728b)  -> (artifact id: 'af6a7462a7ca926e856964d037e6572a') in 0.051466 seconds 
========================================================================
Received Import Request.
  Time since last request: 0.000031 seconds.
  path: Assets/Oculus/SampleFramework/Usage/Locomotion/Textures/floor_tile_01_dif.png
  artifactKey: Guid(b1e192ef5397548b28e9549ba9e04a14) Importer(815301076,1909f56bfc062723c751e8b465ee728b)
Start importing Assets/Oculus/SampleFramework/Usage/Locomotion/Textures/floor_tile_01_dif.png using Guid(b1e192ef5397548b28e9549ba9e04a14) Importer(815301076,1909f56bfc062723c751e8b465ee728b)  -> (artifact id: '52d273615bc90d26fc63b1ace7f25dcf') in 0.035334 seconds 
========================================================================
Received Import Request.
  Time since last request: 0.000034 seconds.
  path: Assets/Oculus/Interaction/Samples/Scripts/HandGrabUse/Effects/WaterSpray/Drops_Tiled_Normal-Map.png
  artifactKey: Guid(06aafc7fcb186454893618a0b137089b) Importer(815301076,1909f56bfc062723c751e8b465ee728b)
Start importing Assets/Oculus/Interaction/Samples/Scripts/HandGrabUse/Effects/WaterSpray/Drops_Tiled_Normal-Map.png using Guid(06aafc7fcb186454893618a0b137089b) Importer(815301076,1909f56bfc062723c751e8b465ee728b)  -> (artifact id: '88c205de041c695536c569766475eabc') in 0.041583 seconds 
========================================================================
Received Import Request.
  Time since last request: 0.000022 seconds.
  path: Assets/Oculus/SampleFramework/Usage/HandsTrainExample/Textures/diorama_paint_diorama_bg_elements_DiffuseGlossiness.png
  artifactKey: Guid(78fba6399dff89e4faa8f52eb005a8aa) Importer(815301076,1909f56bfc062723c751e8b465ee728b)
Start importing Assets/Oculus/SampleFramework/Usage/HandsTrainExample/Textures/diorama_paint_diorama_bg_elements_DiffuseGlossiness.png using Guid(78fba6399dff89e4faa8f52eb005a8aa) Importer(815301076,1909f56bfc062723c751e8b465ee728b)  -> (artifact id: '12695910de2d1469cb14bf4db379addc') in 0.045521 seconds 
========================================================================
Received Import Request.
  Time since last request: 0.000024 seconds.
  path: Assets/Oculus/LipSync/Models/RobotHead_TextureFlip/DD.png
  artifactKey: Guid(ffbd7db31d3ad6e4a97a2f312babdcb6) Importer(815301076,1909f56bfc062723c751e8b465ee728b)
Start importing Assets/Oculus/LipSync/Models/RobotHead_TextureFlip/DD.png using Guid(ffbd7db31d3ad6e4a97a2f312babdcb6) Importer(815301076,1909f56bfc062723c751e8b465ee728b)  -> (artifact id: '93feb5530b012b9ac1e4d1a0e130c2a1') in 0.015049 seconds 
========================================================================
Received Import Request.
  Time since last request: 0.000031 seconds.
  path: Assets/Oculus/SampleFramework/Usage/DistanceGrab/Materials/CubeTex.png
  artifactKey: Guid(da225b0c7f6a4e04899586c942121e17) Importer(815301076,1909f56bfc062723c751e8b465ee728b)
Start importing Assets/Oculus/SampleFramework/Usage/DistanceGrab/Materials/CubeTex.png using Guid(da225b0c7f6a4e04899586c942121e17) Importer(815301076,1909f56bfc062723c751e8b465ee728b)  -> (artifact id: '7fe3da9c2446b615097e25042770e8e8') in 0.013902 seconds 
========================================================================
Received Import Request.
  Time since last request: 0.000038 seconds.
  path: Assets/Oculus/VR/Textures/MetaQuestTouchPro/controller_r_lo_Normal.png
  artifactKey: Guid(fe6dffbda2f52bb4998faa03fee04336) Importer(815301076,1909f56bfc062723c751e8b465ee728b)
Start importing Assets/Oculus/VR/Textures/MetaQuestTouchPro/controller_r_lo_Normal.png using Guid(fe6dffbda2f52bb4998faa03fee04336) Importer(815301076,1909f56bfc062723c751e8b465ee728b)  -> (artifact id: '0b5cd12b2ba5db869475e5dbc7f72525') in 0.040814 seconds 
========================================================================
Received Import Request.
  Time since last request: 0.000024 seconds.
  path: Assets/Oculus/SampleFramework/Usage/Locomotion/Textures/floor_tile_01_amb.png
  artifactKey: Guid(8ae5623890e694f06b02c6f20d2d7d77) Importer(815301076,1909f56bfc062723c751e8b465ee728b)
Start importing Assets/Oculus/SampleFramework/Usage/Locomotion/Textures/floor_tile_01_amb.png using Guid(8ae5623890e694f06b02c6f20d2d7d77) Importer(815301076,1909f56bfc062723c751e8b465ee728b)  -> (artifact id: '9c169226fed8bf8eaed671df74463460') in 0.041210 seconds 
========================================================================
Received Import Request.
  Time since last request: 0.000031 seconds.
  path: Assets/Oculus/SampleFramework/Usage/SharedAssets/Textures/CubeTex.png
  artifactKey: Guid(3e3e0ea18d891114cb286c873e03af91) Importer(815301076,1909f56bfc062723c751e8b465ee728b)
Start importing Assets/Oculus/SampleFramework/Usage/SharedAssets/Textures/CubeTex.png using Guid(3e3e0ea18d891114cb286c873e03af91) Importer(815301076,1909f56bfc062723c751e8b465ee728b)  -> (artifact id: 'a58d0beaf173192691beb54f0ebed2ca') in 0.011966 seconds 
========================================================================
Received Import Request.
  Time since last request: 0.000034 seconds.
  path: Assets/Oculus/SampleFramework/Core/DebugUI/Textures/dialog.png
  artifactKey: Guid(fd7cf88ee9b05f94f84bd7686a9669a6) Importer(815301076,1909f56bfc062723c751e8b465ee728b)
Start importing Assets/Oculus/SampleFramework/Core/DebugUI/Textures/dialog.png using Guid(fd7cf88ee9b05f94f84bd7686a9669a6) Importer(815301076,1909f56bfc062723c751e8b465ee728b)  -> (artifact id: 'f0f72c0835387274e04df4d9296980d8') in 0.028678 seconds 
========================================================================
Received Prepare
Shader 'Oculus/OVRMRCameraFrameLit': fallback shader 'Alpha-Diffuse' not found
Refreshing native plugins compatible for Editor in 9.50 ms, found 8 plugins.
Preloading 1 native plugins for Editor in 0.09 ms.
Unloading 54 Unused Serialized files (Serialized files now loaded: 0)
Unloading 56 unused Assets / (117.9 KB). Loaded Objects now: 7045.
Memory consumption went from 131.1 MB to 131.0 MB.
Total: 5.305700 ms (FindLiveObjects: 0.432100 ms CreateObjectMapping: 0.346100 ms MarkObjects: 4.322900 ms  DeleteObjects: 0.203100 ms)

AssetImportParameters requested are different than current active one (requested -> active):
  custom:video-decoder-ogg-theora: a1e56fd34408186e4bbccfd4996cb3dc -> 
  custom:container-muxer-webm: aa71ff27fc2769a1b78a27578f13a17b -> 
  custom:container-demuxer-webm: 4f35f7cbe854078d1ac9338744f61a02 -> 
  custom:video-encoder-webm-vp8: eb34c28f22e8b96e1ab97ce403110664 -> 
  custom:audio-encoder-webm-vorbis: bf7c407c2cedff20999df2af8eb42d56 -> 
  custom:framework-win-MediaFoundation: 216162199b28c13a410421893ffa2e32 -> 
  custom:container-demuxer-ogg: 62fdf1f143b41e24485cea50d1cbac27 -> 
  custom:video-decoder-webm-vp8: 9c59270c3fd7afecdb556c50c9e8de78 -> 
  custom:audio-decoder-ogg-vorbis: bf7c407c2cedff20999df2af8eb42d56 -> 
Editor requested this worker to shutdown with reason: Scaling down because of idle timeout
AssetImportWorker is now disconnected from the server
Process exiting
Exiting without the bug reporter. Application will terminate with return code 0