Unity Editor version:    2021.3.13f1 (9e7d58001ecf)
Branch:                  2021.3/staging
Build type:              Release
Batch mode:              YES
macOS version:           Version 12.6 (Build 21G115)
Darwin version:          21.6.0
Architecture:            arm64
Running under Rosetta:   NO
Available memory:        16384 MB
Using pre-set license
Pro License: YES

COMMAND LINE ARGUMENTS:
/Applications/Unity/Hub/Editor/2021.3.13f1/Unity.app/Contents/MacOS/Unity
-adb2
-batchMode
-noUpm
-name
AssetImportWorker0
-projectPath
/Users/gallom/Documents/GitHub/HCI/DiverInterface2022
-logFile
Logs/AssetImportWorker0.log
-srvPort
49423
Successfully changed project path to: /Users/gallom/Documents/GitHub/HCI/DiverInterface2022
/Users/gallom/Documents/GitHub/HCI/DiverInterface2022
[UnityMemory] Configuration Parameters - Can be set up in boot.config
    "memorysetup-bucket-allocator-granularity=16"
    "memorysetup-bucket-allocator-bucket-count=8"
    "memorysetup-bucket-allocator-block-size=33554432"
    "memorysetup-bucket-allocator-block-count=8"
    "memorysetup-main-allocator-block-size=16777216"
    "memorysetup-thread-allocator-block-size=16777216"
    "memorysetup-gfx-main-allocator-block-size=16777216"
    "memorysetup-gfx-thread-allocator-block-size=16777216"
    "memorysetup-cache-allocator-block-size=4194304"
    "memorysetup-typetree-allocator-block-size=2097152"
    "memorysetup-profiler-bucket-allocator-granularity=16"
    "memorysetup-profiler-bucket-allocator-bucket-count=8"
    "memorysetup-profiler-bucket-allocator-block-size=33554432"
    "memorysetup-profiler-bucket-allocator-block-count=8"
    "memorysetup-profiler-allocator-block-size=16777216"
    "memorysetup-profiler-editor-allocator-block-size=1048576"
    "memorysetup-temp-allocator-size-main=16777216"
    "memorysetup-job-temp-allocator-block-size=2097152"
    "memorysetup-job-temp-allocator-block-size-background=1048576"
    "memorysetup-job-temp-allocator-reduction-small-platforms=262144"
    "memorysetup-temp-allocator-size-background-worker=32768"
    "memorysetup-temp-allocator-size-job-worker=262144"
    "memorysetup-temp-allocator-size-preload-manager=33554432"
    "memorysetup-temp-allocator-size-nav-mesh-worker=65536"
    "memorysetup-temp-allocator-size-audio-worker=65536"
    "memorysetup-temp-allocator-size-cloud-worker=32768"
    "memorysetup-temp-allocator-size-gi-baking-worker=262144"
    "memorysetup-temp-allocator-size-gfx=262144"
Refreshing native plugins compatible for Editor in 141.92 ms, found 4 plugins.
Plugins: Couldn't open Assets/Oculus/Spatializer/Plugins/AudioPluginOculusSpatializer.bundle/Contents/MacOS/AudioPluginOculusSpatializer, error: dlopen(Assets/Oculus/Spatializer/Plugins/AudioPluginOculusSpatializer.bundle/Contents/MacOS/AudioPluginOculusSpatializer, 0x0002): Library not loaded: '@rpath/libthird-party_pffft_pffft.dylib'
  Referenced from: '/Users/gallom/Documents/GitHub/HCI/DiverInterface2022/Assets/Oculus/Spatializer/Plugins/AudioPluginOculusSpatializer.bundle/Contents/MacOS/AudioPluginOculusSpatializer'
  Reason: tried: '/Applications/Unity/Hub/Editor/2021.3.13f1/Unity.app/Contents/MacOS/../Frameworks/libthird-party_pffft_pffft.dylib' (no such file), '/Applications/Unity/Hub/Editor/2021.3.13f1/Unity.app/Contents/MacOS/../Frameworks/libthird-party_pffft_pffft.dylib' (no such file), '/usr/local/lib/libthird-party_pffft_pffft.dylib' (no such file), '/usr/lib/libthird-party_pffft_pffft.dylib' (no such file)
Preloading 1 native plugins for Editor in 1.21 ms.
Initialize engine version: 2021.3.13f1 (9e7d58001ecf)
[Subsystems] Discovering subsystems at path /Applications/Unity/Hub/Editor/2021.3.13f1/Unity.app/Contents/Resources/UnitySubsystems
[Subsystems] Discovering subsystems at path /Users/gallom/Documents/GitHub/HCI/DiverInterface2022/Assets
GfxDevice: creating device client; threaded=0; jobified=0
 preferred device: Apple M1 Pro (high power)
Metal devices available: 1
0: Apple M1 Pro (high power)
Using device Apple M1 Pro (high power)
Initializing Metal device caps: Apple M1 Pro
Shader 'Oculus/OVRMRCameraFrameLit': fallback shader 'Alpha-Diffuse' not found
Initialize mono
Mono path[0] = '/Applications/Unity/Hub/Editor/2021.3.13f1/Unity.app/Contents/Managed'
Mono path[1] = '/Applications/Unity/Hub/Editor/2021.3.13f1/Unity.app/Contents/MonoBleedingEdge/lib/mono/unityjit-macos'
Mono config path = '/Applications/Unity/Hub/Editor/2021.3.13f1/Unity.app/Contents/MonoBleedingEdge/etc'
Using monoOptions --debugger-agent=transport=dt_socket,embedding=1,server=y,suspend=n,address=127.0.0.1:56897
Begin MonoManager ReloadAssembly
Registering precompiled unity dll's ...
Register platform support module: /Applications/Unity/Hub/Editor/2021.3.13f1/Unity.app/Contents/PlaybackEngines/MacStandaloneSupport/UnityEditor.OSXStandalone.Extensions.dll
Register platform support module: /Applications/Unity/Hub/Editor/2021.3.13f1/PlaybackEngines/AndroidPlayer/UnityEditor.Android.Extensions.dll
Registered in 0.001700 seconds.
Native extension for Android target not found
Native extension for OSXStandalone target not found
Refreshing native plugins compatible for Editor in 133.79 ms, found 4 plugins.
Plugins: Couldn't open /Users/gallom/Documents/GitHub/HCI/DiverInterface2022/Assets/Oculus/Spatializer/Plugins/AudioPluginOculusSpatializer.bundle/Contents/MacOS/AudioPluginOculusSpatializer, error: dlopen(/Users/gallom/Documents/GitHub/HCI/DiverInterface2022/Assets/Oculus/Spatializer/Plugins/AudioPluginOculusSpatializer.bundle/Contents/MacOS/AudioPluginOculusSpatializer, 0x0002): Library not loaded: '@rpath/libthird-party_pffft_pffft.dylib'
  Referenced from: '/Users/gallom/Documents/GitHub/HCI/DiverInterface2022/Assets/Oculus/Spatializer/Plugins/AudioPluginOculusSpatializer.bundle/Contents/MacOS/AudioPluginOculusSpatializer'
  Reason: tried: '/Applications/Unity/Hub/Editor/2021.3.13f1/Unity.app/Contents/MacOS/../Frameworks/libthird-party_pffft_pffft.dylib' (no such file), '/Applications/Unity/Hub/Editor/2021.3.13f1/Unity.app/Contents/MacOS/../Frameworks/libthird-party_pffft_pffft.dylib' (no such file), '/usr/local/lib/libthird-party_pffft_pffft.dylib' (no such file), '/usr/lib/libthird-party_pffft_pffft.dylib' (no such file)
Preloading 1 native plugins for Editor in 0.33 ms.
Mono: successfully reloaded assembly
- Completed reload, in  0.546 seconds
Domain Reload Profiling:
	ReloadAssembly (546ms)
		BeginReloadAssembly (74ms)
			ExecutionOrderSort (0ms)
			DisableScriptedObjects (0ms)
			BackupInstance (0ms)
			ReleaseScriptingObjects (0ms)
			CreateAndSetChildDomain (1ms)
		EndReloadAssembly (391ms)
			LoadAssemblies (74ms)
			RebuildTransferFunctionScriptingTraits (0ms)
			SetupTypeCache (81ms)
			ReleaseScriptCaches (0ms)
			RebuildScriptCaches (21ms)
			SetupLoadedEditorAssemblies (255ms)
				LogAssemblyErrors (0ms)
				InitializePlatformSupportModulesInManaged (34ms)
				SetLoadedEditorAssemblies (0ms)
				RefreshPlugins (134ms)
				BeforeProcessingInitializeOnLoad (1ms)
				ProcessInitializeOnLoadAttributes (58ms)
				ProcessInitializeOnLoadMethodAttributes (27ms)
				AfterProcessingInitializeOnLoad (0ms)
				EditorAssembliesLoaded (0ms)
			ExecutionOrderSort2 (0ms)
			AwakeInstancesAfterBackupRestoration (0ms)
Platform modules already initialized, skipping
Registering precompiled user dll's ...
Registered in 0.008029 seconds.
Android Extension - Scanning For ADB Devices 574 ms
Begin MonoManager ReloadAssembly
Symbol file LoadedFromMemory doesn't match image /Users/gallom/Documents/GitHub/HCI/DiverInterface2022/Library/PackageCache/com.unity.visualscripting@1.7.8/Editor/VisualScripting.Core/Dependencies/DotNetZip/Unity.VisualScripting.IonicZip.dll
Symbol file LoadedFromMemory doesn't match image /Users/gallom/Documents/GitHub/HCI/DiverInterface2022/Library/PackageCache/com.unity.visualscripting@1.7.8/Editor/VisualScripting.Core/Dependencies/YamlDotNet/Unity.VisualScripting.YamlDotNet.dll
Native extension for Android target not found
Native extension for OSXStandalone target not found
Refreshing native plugins compatible for Editor in 134.52 ms, found 4 plugins.
Plugins: Couldn't open /Users/gallom/Documents/GitHub/HCI/DiverInterface2022/Assets/Oculus/Spatializer/Plugins/AudioPluginOculusSpatializer.bundle/Contents/MacOS/AudioPluginOculusSpatializer, error: dlopen(/Users/gallom/Documents/GitHub/HCI/DiverInterface2022/Assets/Oculus/Spatializer/Plugins/AudioPluginOculusSpatializer.bundle/Contents/MacOS/AudioPluginOculusSpatializer, 0x0002): Library not loaded: '@rpath/libthird-party_pffft_pffft.dylib'
  Referenced from: '/Users/gallom/Documents/GitHub/HCI/DiverInterface2022/Assets/Oculus/Spatializer/Plugins/AudioPluginOculusSpatializer.bundle/Contents/MacOS/AudioPluginOculusSpatializer'
  Reason: tried: '/Applications/Unity/Hub/Editor/2021.3.13f1/Unity.app/Contents/MacOS/../Frameworks/libthird-party_pffft_pffft.dylib' (no such file), '/Applications/Unity/Hub/Editor/2021.3.13f1/Unity.app/Contents/MacOS/../Frameworks/libthird-party_pffft_pffft.dylib' (no such file), '/usr/local/lib/libthird-party_pffft_pffft.dylib' (no such file), '/usr/lib/libthird-party_pffft_pffft.dylib' (no such file)
Preloading 1 native plugins for Editor in 0.37 ms.
Package Manager log level set to [2]
Mono: successfully reloaded assembly
- Completed reload, in  1.129 seconds
Domain Reload Profiling:
	ReloadAssembly (1129ms)
		BeginReloadAssembly (81ms)
			ExecutionOrderSort (0ms)
			DisableScriptedObjects (7ms)
			BackupInstance (0ms)
			ReleaseScriptingObjects (0ms)
			CreateAndSetChildDomain (16ms)
		EndReloadAssembly (964ms)
			LoadAssemblies (72ms)
			RebuildTransferFunctionScriptingTraits (0ms)
			SetupTypeCache (234ms)
			ReleaseScriptCaches (1ms)
			RebuildScriptCaches (73ms)
			SetupLoadedEditorAssemblies (546ms)
				LogAssemblyErrors (0ms)
				InitializePlatformSupportModulesInManaged (7ms)
				SetLoadedEditorAssemblies (0ms)
				RefreshPlugins (135ms)
				BeforeProcessingInitializeOnLoad (87ms)
				ProcessInitializeOnLoadAttributes (259ms)
				ProcessInitializeOnLoadMethodAttributes (56ms)
				AfterProcessingInitializeOnLoad (1ms)
				EditorAssembliesLoaded (0ms)
			ExecutionOrderSort2 (0ms)
			AwakeInstancesAfterBackupRestoration (2ms)
Platform modules already initialized, skipping
========================================================================
Worker process is ready to serve import requests
Shader 'Oculus/OVRMRCameraFrameLit': fallback shader 'Alpha-Diffuse' not found
Launching external process: /Applications/Unity/Hub/Editor/2021.3.13f1/Unity.app/Contents/Tools/UnityShaderCompiler
Launched and connected shader compiler UnityShaderCompiler after 0.17 seconds
Refreshing native plugins compatible for Editor in 0.92 ms, found 4 plugins.
Plugins: Couldn't open /Users/gallom/Documents/GitHub/HCI/DiverInterface2022/Assets/Oculus/Spatializer/Plugins/AudioPluginOculusSpatializer.bundle/Contents/MacOS/AudioPluginOculusSpatializer, error: dlopen(/Users/gallom/Documents/GitHub/HCI/DiverInterface2022/Assets/Oculus/Spatializer/Plugins/AudioPluginOculusSpatializer.bundle/Contents/MacOS/AudioPluginOculusSpatializer, 0x0002): Library not loaded: '@rpath/libthird-party_pffft_pffft.dylib'
  Referenced from: '/Users/gallom/Documents/GitHub/HCI/DiverInterface2022/Assets/Oculus/Spatializer/Plugins/AudioPluginOculusSpatializer.bundle/Contents/MacOS/AudioPluginOculusSpatializer'
  Reason: tried: '/Applications/Unity/Hub/Editor/2021.3.13f1/Unity.app/Contents/MacOS/../Frameworks/libthird-party_pffft_pffft.dylib' (no such file), '/Applications/Unity/Hub/Editor/2021.3.13f1/Unity.app/Contents/MacOS/../Frameworks/libthird-party_pffft_pffft.dylib' (no such file), '/usr/local/lib/libthird-party_pffft_pffft.dylib' (no such file), '/usr/lib/libthird-party_pffft_pffft.dylib' (no such file)
Preloading 1 native plugins for Editor in 0.30 ms.
Unloading 6489 Unused Serialized files (Serialized files now loaded: 0)
Unloading 63 unused Assets / (207.0 KB). Loaded Objects now: 6926.
Memory consumption went from 398.7 MB to 398.5 MB.
Total: 3.407542 ms (FindLiveObjects: 0.217625 ms CreateObjectMapping: 0.086250 ms MarkObjects: 2.892250 ms  DeleteObjects: 0.210917 ms)

AssetImportParameters requested are different than current active one (requested -> active):
  custom:video-decoder-ogg-theora: a1e56fd34408186e4bbccfd4996cb3dc -> 
  custom:container-muxer-webm: aa71ff27fc2769a1b78a27578f13a17b -> 
  custom:container-demuxer-webm: 4f35f7cbe854078d1ac9338744f61a02 -> 
  custom:video-encoder-webm-vp8: eb34c28f22e8b96e1ab97ce403110664 -> 
  custom:framework-osx-AVFoundation: e770b220cccbd017edd2c1fefb359320 -> 
  custom:audio-encoder-webm-vorbis: bf7c407c2cedff20999df2af8eb42d56 -> 
  custom:container-demuxer-ogg: 62fdf1f143b41e24485cea50d1cbac27 -> 
  custom:video-decoder-webm-vp8: 9c59270c3fd7afecdb556c50c9e8de78 -> 
  custom:audio-decoder-ogg-vorbis: bf7c407c2cedff20999df2af8eb42d56 -> 
========================================================================
Received Import Request.
  Time since last request: 96642.500070 seconds.
  path: Assets/TextMesh Pro/Resources/Fonts & Materials/LiberationSans SDF.asset
  artifactKey: Guid(8f586378b4e144a9851e7b34d9b748ee) Importer(815301076,1909f56bfc062723c751e8b465ee728b)
Start importing Assets/TextMesh Pro/Resources/Fonts & Materials/LiberationSans SDF.asset using Guid(8f586378b4e144a9851e7b34d9b748ee) Importer(815301076,1909f56bfc062723c751e8b465ee728b)  -> (artifact id: 'e73d014f18524c32ae91278f6e9977fb') in 0.342279 seconds 
========================================================================
Received Import Request.
  Time since last request: 41.761787 seconds.
  path: Assets/TextMesh Pro/Resources/Fonts & Materials/LiberationSans SDF - Drop Shadow.mat
  artifactKey: Guid(e73a58f6e2794ae7b1b7e50b7fb811b0) Importer(815301076,1909f56bfc062723c751e8b465ee728b)
Start importing Assets/TextMesh Pro/Resources/Fonts & Materials/LiberationSans SDF - Drop Shadow.mat using Guid(e73a58f6e2794ae7b1b7e50b7fb811b0) Importer(815301076,1909f56bfc062723c751e8b465ee728b)  -> (artifact id: '16ddf7506a1689d11b0a8fde902689e4') in 0.249233 seconds 
========================================================================
Received Import Request.
  Time since last request: 0.000079 seconds.
  path: Assets/TextMesh Pro/Resources/Fonts & Materials/LiberationSans SDF - Outline.mat
  artifactKey: Guid(79459efec17a4d00a321bdcc27bbc385) Importer(815301076,1909f56bfc062723c751e8b465ee728b)
Start importing Assets/TextMesh Pro/Resources/Fonts & Materials/LiberationSans SDF - Outline.mat using Guid(79459efec17a4d00a321bdcc27bbc385) Importer(815301076,1909f56bfc062723c751e8b465ee728b)  -> (artifact id: 'c04498804334f1eb0f305bed8d928290') in 0.037595 seconds 
========================================================================
Received Import Request.
  Time since last request: 766.084714 seconds.
  path: Assets/TextMesh Pro/Examples & Extras/Resources/Fonts & Materials/LiberationSans SDF - Overlay.mat
  artifactKey: Guid(9ad269c99dcf42b7aedefd83dd5a7b9d) Importer(815301076,1909f56bfc062723c751e8b465ee728b)
Start importing Assets/TextMesh Pro/Examples & Extras/Resources/Fonts & Materials/LiberationSans SDF - Overlay.mat using Guid(9ad269c99dcf42b7aedefd83dd5a7b9d) Importer(815301076,1909f56bfc062723c751e8b465ee728b)  -> (artifact id: 'bcd32d8a8ab38f3f39b059fcece0cddd') in 0.083138 seconds 
========================================================================
Received Import Request.
  Time since last request: 0.000105 seconds.
  path: Assets/Diving Simulation/Materials/lightBlue_lights 1.mat
  artifactKey: Guid(d885f9d9dc6e0964d8017c00afaf60f7) Importer(815301076,1909f56bfc062723c751e8b465ee728b)
Start importing Assets/Diving Simulation/Materials/lightBlue_lights 1.mat using Guid(d885f9d9dc6e0964d8017c00afaf60f7) Importer(815301076,1909f56bfc062723c751e8b465ee728b)  -> (artifact id: 'f36a27b9e44e5cd365acbe8675bde4fc') in 0.042313 seconds 
========================================================================
Received Import Request.
  Time since last request: 0.000074 seconds.
  path: Assets/Oculus/Interaction/Samples/Objects/Props/MapWithPins/Materials/MapFrameMat.mat
  artifactKey: Guid(40fece458fc28b244be0f13bec5a2975) Importer(815301076,1909f56bfc062723c751e8b465ee728b)
Start importing Assets/Oculus/Interaction/Samples/Objects/Props/MapWithPins/Materials/MapFrameMat.mat using Guid(40fece458fc28b244be0f13bec5a2975) Importer(815301076,1909f56bfc062723c751e8b465ee728b)  -> (artifact id: '75df7dcfa0f537cf858945275fc1a40c') in 0.565618 seconds 
========================================================================
Received Import Request.
  Time since last request: 0.412845 seconds.
  path: Assets/Oculus/Interaction/Samples/Objects/Props/MapWithPins/Materials/MapMat.mat
  artifactKey: Guid(75c836cb04e7d124b9c2829fd90ab362) Importer(815301076,1909f56bfc062723c751e8b465ee728b)
Start importing Assets/Oculus/Interaction/Samples/Objects/Props/MapWithPins/Materials/MapMat.mat using Guid(75c836cb04e7d124b9c2829fd90ab362) Importer(815301076,1909f56bfc062723c751e8b465ee728b)  -> (artifact id: 'a679253e9a7e7eaeb5f362624c20ec9b') in 0.009059 seconds 
========================================================================
Received Import Request.
  Time since last request: 0.563314 seconds.
  path: Assets/Oculus/SampleFramework/Usage/Locomotion/Materials/MAT_brick_01.mat
  artifactKey: Guid(eded406ac811741c5a8a5142b2043467) Importer(815301076,1909f56bfc062723c751e8b465ee728b)
Start importing Assets/Oculus/SampleFramework/Usage/Locomotion/Materials/MAT_brick_01.mat using Guid(eded406ac811741c5a8a5142b2043467) Importer(815301076,1909f56bfc062723c751e8b465ee728b)  -> (artifact id: 'be41a515d96447b7657bdc66c83f42f9') in 0.394747 seconds 
========================================================================
Received Import Request.
  Time since last request: 0.672347 seconds.
  path: Assets/Oculus/SampleFramework/Usage/Locomotion/Materials/MAT_concrete_01.mat
  artifactKey: Guid(b825d518262c2453b9c06573f9b21658) Importer(815301076,1909f56bfc062723c751e8b465ee728b)
Start importing Assets/Oculus/SampleFramework/Usage/Locomotion/Materials/MAT_concrete_01.mat using Guid(b825d518262c2453b9c06573f9b21658) Importer(815301076,1909f56bfc062723c751e8b465ee728b)  -> (artifact id: '783800f60672e36a3c37d4076eabee4c') in 0.020509 seconds 
========================================================================
Received Import Request.
  Time since last request: 0.024222 seconds.
  path: Assets/Oculus/SampleFramework/Usage/Locomotion/Materials/MAT_floor_wood_01.mat
  artifactKey: Guid(5d1946ce7cee747e6aa39a6ea4350e11) Importer(815301076,1909f56bfc062723c751e8b465ee728b)
Start importing Assets/Oculus/SampleFramework/Usage/Locomotion/Materials/MAT_floor_wood_01.mat using Guid(5d1946ce7cee747e6aa39a6ea4350e11) Importer(815301076,1909f56bfc062723c751e8b465ee728b)  -> (artifact id: '47395a590ac6e868cc17a1937d07274d') in 0.026428 seconds 
========================================================================
Received Import Request.
  Time since last request: 0.000103 seconds.
  path: Assets/Oculus/SampleFramework/Usage/Locomotion/Materials/MAT_grid_01_dark.mat
  artifactKey: Guid(e3444642a1d1346ba8683c66e1272378) Importer(815301076,1909f56bfc062723c751e8b465ee728b)
Start importing Assets/Oculus/SampleFramework/Usage/Locomotion/Materials/MAT_grid_01_dark.mat using Guid(e3444642a1d1346ba8683c66e1272378) Importer(815301076,1909f56bfc062723c751e8b465ee728b)  -> (artifact id: 'b2f4c6f2cadacb6d8580888f3730fdef') in 0.238097 seconds 
========================================================================
Received Import Request.
  Time since last request: 0.379812 seconds.
  path: Assets/Oculus/SampleFramework/Usage/Locomotion/Materials/MAT_metal_01.mat
  artifactKey: Guid(6fa48c2a126d0d74e8bb671b62e8cb1b) Importer(815301076,1909f56bfc062723c751e8b465ee728b)
Start importing Assets/Oculus/SampleFramework/Usage/Locomotion/Materials/MAT_metal_01.mat using Guid(6fa48c2a126d0d74e8bb671b62e8cb1b) Importer(815301076,1909f56bfc062723c751e8b465ee728b)  -> (artifact id: 'ac5241dc41fe7735818ce5abd5c40083') in 0.290859 seconds 
========================================================================
Received Import Request.
  Time since last request: 0.000051 seconds.
  path: Assets/Oculus/SampleFramework/Usage/SharedAssets/Materials/MAT_room_atlas_02.mat
  artifactKey: Guid(ceac5ee61756b458c8653efdc49480ec) Importer(815301076,1909f56bfc062723c751e8b465ee728b)
Start importing Assets/Oculus/SampleFramework/Usage/SharedAssets/Materials/MAT_room_atlas_02.mat using Guid(ceac5ee61756b458c8653efdc49480ec) Importer(815301076,1909f56bfc062723c751e8b465ee728b)  -> (artifact id: '52f971e2fd03e466d630192628707a03') in 0.324044 seconds 
========================================================================
Received Import Request.
  Time since last request: 0.000056 seconds.
  path: Assets/Oculus/SampleFramework/Usage/DistanceGrab/Materials/MAT_watergun_black.mat
  artifactKey: Guid(5241aafd0a8b14f2e8f9fbc6439cff9b) Importer(815301076,1909f56bfc062723c751e8b465ee728b)
Start importing Assets/Oculus/SampleFramework/Usage/DistanceGrab/Materials/MAT_watergun_black.mat using Guid(5241aafd0a8b14f2e8f9fbc6439cff9b) Importer(815301076,1909f56bfc062723c751e8b465ee728b)  -> (artifact id: '644dbdafc453364c6906d0541eea55b9') in 0.007521 seconds 
========================================================================
Received Import Request.
  Time since last request: 0.000061 seconds.
  path: Assets/Oculus/SampleFramework/Usage/DistanceGrab/Materials/MAT_watergun_01.mat
  artifactKey: Guid(b72f20b13269b4be29ec790ecc04a34b) Importer(815301076,1909f56bfc062723c751e8b465ee728b)
Start importing Assets/Oculus/SampleFramework/Usage/DistanceGrab/Materials/MAT_watergun_01.mat using Guid(b72f20b13269b4be29ec790ecc04a34b) Importer(815301076,1909f56bfc062723c751e8b465ee728b)  -> (artifact id: '9ef1d6e0a736912e6f952098754c4979') in 0.271033 seconds 
========================================================================
Received Import Request.
  Time since last request: 0.000059 seconds.
  path: Assets/Oculus/SampleFramework/Usage/Passthrough/Materials/MenuBackground.mat
  artifactKey: Guid(cd0bb29d1f8a53e4b9356e3da1632421) Importer(815301076,1909f56bfc062723c751e8b465ee728b)
Start importing Assets/Oculus/SampleFramework/Usage/Passthrough/Materials/MenuBackground.mat using Guid(cd0bb29d1f8a53e4b9356e3da1632421) Importer(815301076,1909f56bfc062723c751e8b465ee728b)  -> (artifact id: '308487e701792e34cc10165f78f76796') in 0.015495 seconds 
========================================================================
Received Import Request.
  Time since last request: 0.000062 seconds.
  path: Assets/Oculus/LipSync/Models/FemaleHead_Morph/Materials/melinda_DIFF.mat
  artifactKey: Guid(16d9c6ac0607b6446a37514d6e175d44) Importer(815301076,1909f56bfc062723c751e8b465ee728b)
Start importing Assets/Oculus/LipSync/Models/FemaleHead_Morph/Materials/melinda_DIFF.mat using Guid(16d9c6ac0607b6446a37514d6e175d44) Importer(815301076,1909f56bfc062723c751e8b465ee728b)  -> (artifact id: 'a8edb589944758e11a32a6168450dc5b') in 0.011412 seconds 
========================================================================
Received Import Request.
  Time since last request: 1.578897 seconds.
  path: Assets/Oculus/VR/Meshes/MetaQuestTouchPro/Materials/MetaQuestProRight_Material.mat
  artifactKey: Guid(dfee80e1d2a38ea45a01698af1c06034) Importer(815301076,1909f56bfc062723c751e8b465ee728b)
Start importing Assets/Oculus/VR/Meshes/MetaQuestTouchPro/Materials/MetaQuestProRight_Material.mat using Guid(dfee80e1d2a38ea45a01698af1c06034) Importer(815301076,1909f56bfc062723c751e8b465ee728b)  -> (artifact id: 'd07c8455bf4178cae0d2a4870b79e261') in 0.259137 seconds 
========================================================================
Received Import Request.
  Time since last request: 0.000048 seconds.
  path: Assets/Oculus/Interaction/Samples/Objects/Environment/MRDesk/Materials/MRDeskShadow.mat
  artifactKey: Guid(b8b2855e2f2d82f47a440a0f16dbfd71) Importer(815301076,1909f56bfc062723c751e8b465ee728b)
Start importing Assets/Oculus/Interaction/Samples/Objects/Environment/MRDesk/Materials/MRDeskShadow.mat using Guid(b8b2855e2f2d82f47a440a0f16dbfd71) Importer(815301076,1909f56bfc062723c751e8b465ee728b)  -> (artifact id: 'b7607437bd05b985ab97bd78a64bcec7') in 0.054226 seconds 
========================================================================
Received Import Request.
  Time since last request: 0.000076 seconds.
  path: Assets/Oculus/Interaction/Samples/Objects/Environment/MRDesk/Materials/MRDeskMat.mat
  artifactKey: Guid(a835ac24fc2cad9439407885825362d2) Importer(815301076,1909f56bfc062723c751e8b465ee728b)
Start importing Assets/Oculus/Interaction/Samples/Objects/Environment/MRDesk/Materials/MRDeskMat.mat using Guid(a835ac24fc2cad9439407885825362d2) Importer(815301076,1909f56bfc062723c751e8b465ee728b)  -> (artifact id: 'b84f73a73ed111062a03ee594fc63274') in 0.076510 seconds 
========================================================================
Received Import Request.
  Time since last request: 0.319685 seconds.
  path: Assets/Diving Simulation/Materials/New Material 1.mat
  artifactKey: Guid(9a7e825046d0341e3b4d1f8f2f1d3371) Importer(815301076,1909f56bfc062723c751e8b465ee728b)
Start importing Assets/Diving Simulation/Materials/New Material 1.mat using Guid(9a7e825046d0341e3b4d1f8f2f1d3371) Importer(815301076,1909f56bfc062723c751e8b465ee728b)  -> (artifact id: 'ac03144b97a3a3c5f9de1d503c6e10e1') in 0.007056 seconds 
========================================================================
Received Import Request.
  Time since last request: 0.023208 seconds.
  path: Assets/Oculus/Interaction/Runtime/Meshes/OculusHandPinchArrowBlended.fbx
  artifactKey: Guid(dca3d72ce32048e409eaaf754210cfe8) Importer(815301076,1909f56bfc062723c751e8b465ee728b)
Start importing Assets/Oculus/Interaction/Runtime/Meshes/OculusHandPinchArrowBlended.fbx using Guid(dca3d72ce32048e409eaaf754210cfe8) Importer(815301076,1909f56bfc062723c751e8b465ee728b)  -> (artifact id: 'f37387cce07799d698edb0fe67b3e28b') in 0.339440 seconds 
========================================================================
Received Import Request.
  Time since last request: 0.000095 seconds.
  path: Assets/Oculus/VR/Meshes/OculusTouchForQuest2/Materials/OculusTouchForQuest2_MAT.mat
  artifactKey: Guid(d7292a5e1ae17a64c95f3081d2c6be5a) Importer(815301076,1909f56bfc062723c751e8b465ee728b)
Start importing Assets/Oculus/VR/Meshes/OculusTouchForQuest2/Materials/OculusTouchForQuest2_MAT.mat using Guid(d7292a5e1ae17a64c95f3081d2c6be5a) Importer(815301076,1909f56bfc062723c751e8b465ee728b)  -> (artifact id: '8e5aaeb32983ac9c8ebb68d2c5027ca3') in 0.011601 seconds 
========================================================================
Received Import Request.
  Time since last request: 1.152757 seconds.
  path: Assets/Oculus/SampleFramework/Usage/OVROverlay/Materials/OverlayDynamicTexture.mat
  artifactKey: Guid(5365fc7c3d82d4343b1591d8ea4bd539) Importer(815301076,1909f56bfc062723c751e8b465ee728b)
Start importing Assets/Oculus/SampleFramework/Usage/OVROverlay/Materials/OverlayDynamicTexture.mat using Guid(5365fc7c3d82d4343b1591d8ea4bd539) Importer(815301076,1909f56bfc062723c751e8b465ee728b)  -> (artifact id: 'f727ea0990c0b1c4c3002a90b3efb9fb') in 0.051677 seconds 
========================================================================
Received Import Request.
  Time since last request: 0.000068 seconds.
  path: Assets/Diving Simulation/Resources/Ocean Assets/Palm/Materials/palmbranch.mat
  artifactKey: Guid(3186f38ca67e7441e8299da2e169f9f9) Importer(815301076,1909f56bfc062723c751e8b465ee728b)
Start importing Assets/Diving Simulation/Resources/Ocean Assets/Palm/Materials/palmbranch.mat using Guid(3186f38ca67e7441e8299da2e169f9f9) Importer(815301076,1909f56bfc062723c751e8b465ee728b)  -> (artifact id: 'b791ddf0164d15d97b6d364de3b96c79') in 0.328263 seconds 
========================================================================
Received Import Request.
  Time since last request: 65.321916 seconds.
  path: Assets/Oculus/Interaction/Samples/Objects/Props/WaterParticles/Materials/ParticleSprayMat.mat
  artifactKey: Guid(9751ef0d9c1b960409752884ff54a34a) Importer(815301076,1909f56bfc062723c751e8b465ee728b)
Start importing Assets/Oculus/Interaction/Samples/Objects/Props/WaterParticles/Materials/ParticleSprayMat.mat using Guid(9751ef0d9c1b960409752884ff54a34a) Importer(815301076,1909f56bfc062723c751e8b465ee728b)  -> (artifact id: '270c8c3ca0be22f8d0515b149a41fc78') in 0.109445 seconds 
========================================================================
Received Import Request.
  Time since last request: 0.214425 seconds.
  path: Assets/Oculus/Interaction/Samples/Objects/Props/WaterParticles/Materials/ParticleStreamMat.mat
  artifactKey: Guid(70b1ef2f08272984eb0d645c1a858744) Importer(815301076,1909f56bfc062723c751e8b465ee728b)
Start importing Assets/Oculus/Interaction/Samples/Objects/Props/WaterParticles/Materials/ParticleStreamMat.mat using Guid(70b1ef2f08272984eb0d645c1a858744) Importer(815301076,1909f56bfc062723c751e8b465ee728b)  -> (artifact id: 'd46362d8ed8c144140e796a0044408da') in 0.009034 seconds 
========================================================================
Received Import Request.
  Time since last request: 0.024304 seconds.
  path: Assets/Oculus/SampleFramework/Usage/Passthrough/Materials/PassthroughBrushStroke.mat
  artifactKey: Guid(0ff7438fe513d7e4295f6ec9b5b623d7) Importer(815301076,1909f56bfc062723c751e8b465ee728b)
Start importing Assets/Oculus/SampleFramework/Usage/Passthrough/Materials/PassthroughBrushStroke.mat using Guid(0ff7438fe513d7e4295f6ec9b5b623d7) Importer(815301076,1909f56bfc062723c751e8b465ee728b)  -> (artifact id: 'e4071db0c62600d692e22a96f4448d99') in 0.051465 seconds 
========================================================================
Received Import Request.
  Time since last request: 0.008816 seconds.
  path: Assets/Oculus/Interaction/Samples/Materials/PeaceParticle.mat
  artifactKey: Guid(fd99b5750768afe49a50b7cc49e23729) Importer(815301076,1909f56bfc062723c751e8b465ee728b)
Start importing Assets/Oculus/Interaction/Samples/Materials/PeaceParticle.mat using Guid(fd99b5750768afe49a50b7cc49e23729) Importer(815301076,1909f56bfc062723c751e8b465ee728b)  -> (artifact id: 'fc85651a1a8b342c78b4e6531d02a56c') in 0.039843 seconds 
========================================================================
Received Import Request.
  Time since last request: 0.586194 seconds.
  path: Assets/TextMesh Pro/Examples & Extras/Resources/Fonts & Materials/LiberationSans SDF - Metalic Green.mat
  artifactKey: Guid(8b29aaa3eec7468097ff07adfcf29ac9) Importer(815301076,1909f56bfc062723c751e8b465ee728b)
Start importing Assets/TextMesh Pro/Examples & Extras/Resources/Fonts & Materials/LiberationSans SDF - Metalic Green.mat using Guid(8b29aaa3eec7468097ff07adfcf29ac9) Importer(815301076,1909f56bfc062723c751e8b465ee728b)  -> (artifact id: '50077227140e44abfd1bae48135373eb') in 0.191256 seconds 
========================================================================
Received Import Request.
  Time since last request: 0.000053 seconds.
  path: Assets/Oculus/SampleFramework/Core/TouchControllers/Materials/L_controller_MAT.mat
  artifactKey: Guid(0ff51c0175f4bf74a85d0a8a5718b3d8) Importer(815301076,1909f56bfc062723c751e8b465ee728b)
Start importing Assets/Oculus/SampleFramework/Core/TouchControllers/Materials/L_controller_MAT.mat using Guid(0ff51c0175f4bf74a85d0a8a5718b3d8) Importer(815301076,1909f56bfc062723c751e8b465ee728b)  -> (artifact id: 'ed2b00e9a13f183972cc964848b6258a') in 0.402827 seconds 
========================================================================
Received Import Request.
  Time since last request: 0.000056 seconds.
  path: Packages/com.unity.searcher/Editor/Resources/FlatSkin/Font/Roboto-Medium.ttf
  artifactKey: Guid(a51a3aebb43ac044989270407476b208) Importer(815301076,1909f56bfc062723c751e8b465ee728b)
Start importing Packages/com.unity.searcher/Editor/Resources/FlatSkin/Font/Roboto-Medium.ttf using Guid(a51a3aebb43ac044989270407476b208) Importer(815301076,1909f56bfc062723c751e8b465ee728b)  -> (artifact id: '70cb9830d1c9db1708af7adff9f8bc67') in 1.699778 seconds 
========================================================================
Received Import Request.
  Time since last request: 0.000119 seconds.
  path: Packages/com.unity.searcher/Editor/Resources/FlatSkin/Font/Roboto-MediumItalic.ttf
  artifactKey: Guid(d93c1bc57fdf1ac4dad1bf04fac05464) Importer(815301076,1909f56bfc062723c751e8b465ee728b)
Start importing Packages/com.unity.searcher/Editor/Resources/FlatSkin/Font/Roboto-MediumItalic.ttf using Guid(d93c1bc57fdf1ac4dad1bf04fac05464) Importer(815301076,1909f56bfc062723c751e8b465ee728b)  -> (artifact id: '557b84d6925069f3e6d585a0edfee352') in 0.011732 seconds 
========================================================================
Received Import Request.
  Time since last request: 0.000053 seconds.
  path: Assets/Oculus/VR/Materials/BasicHandMaterial.mat
  artifactKey: Guid(5ba7d209f622bb44e87b47ce27ee27b7) Importer(815301076,1909f56bfc062723c751e8b465ee728b)
Start importing Assets/Oculus/VR/Materials/BasicHandMaterial.mat using Guid(5ba7d209f622bb44e87b47ce27ee27b7) Importer(815301076,1909f56bfc062723c751e8b465ee728b)  -> (artifact id: '55e17972840106e1954b1abce03bf06e') in 0.242657 seconds 
========================================================================
Received Import Request.
  Time since last request: 0.000057 seconds.
  path: Assets/Oculus/Interaction/Samples/Objects/Props/Materials/CubeMaterialBlue.mat
  artifactKey: Guid(d4b438dc8ad501b49a2690e746518b8e) Importer(815301076,1909f56bfc062723c751e8b465ee728b)
Start importing Assets/Oculus/Interaction/Samples/Objects/Props/Materials/CubeMaterialBlue.mat using Guid(d4b438dc8ad501b49a2690e746518b8e) Importer(815301076,1909f56bfc062723c751e8b465ee728b)  -> (artifact id: 'c588f88923a0d6fcde0d5b424f2e7612') in 0.006990 seconds 
========================================================================
Received Import Request.
  Time since last request: 0.000044 seconds.
  path: Assets/Oculus/SampleFramework/Usage/SharedAssets/Materials/Ball10.mat
  artifactKey: Guid(159194f8c47a59b44b6aeedaa2eaf336) Importer(815301076,1909f56bfc062723c751e8b465ee728b)
Start importing Assets/Oculus/SampleFramework/Usage/SharedAssets/Materials/Ball10.mat using Guid(159194f8c47a59b44b6aeedaa2eaf336) Importer(815301076,1909f56bfc062723c751e8b465ee728b)  -> (artifact id: '4e59893c1b9b5fa6293daa3e8d2812d3') in 0.023335 seconds 
========================================================================
Received Import Request.
  Time since last request: 0.000073 seconds.
  path: Assets/Diving Simulation/Resources/Ocean Assets/Meshes/Materials/boat_a-Material #28.mat
  artifactKey: Guid(508ae8e0e585de247a4fe87b26af2c12) Importer(815301076,1909f56bfc062723c751e8b465ee728b)
Start importing Assets/Diving Simulation/Resources/Ocean Assets/Meshes/Materials/boat_a-Material #28.mat using Guid(508ae8e0e585de247a4fe87b26af2c12) Importer(815301076,1909f56bfc062723c751e8b465ee728b)  -> (artifact id: '05e458748513e03bbf0596379c120faf') in 0.009005 seconds 
========================================================================
Received Import Request.
  Time since last request: 0.000043 seconds.
  path: Assets/TextMesh Pro/Examples & Extras/Resources/Fonts & Materials/Bangers SDF Glow.mat
  artifactKey: Guid(d75b8f41e959450c84ac6e967084d3e1) Importer(815301076,1909f56bfc062723c751e8b465ee728b)
Start importing Assets/TextMesh Pro/Examples & Extras/Resources/Fonts & Materials/Bangers SDF Glow.mat using Guid(d75b8f41e959450c84ac6e967084d3e1) Importer(815301076,1909f56bfc062723c751e8b465ee728b)  -> (artifact id: '51536c85ca134c4433a6090b9a0915e2') in 0.116402 seconds 
========================================================================
Received Import Request.
  Time since last request: 0.000062 seconds.
  path: Assets/Oculus/SampleFramework/Core/DebugUI/Fonts/Montserrat/Montserrat-BoldItalic.ttf
  artifactKey: Guid(440e99598766dbd40a4d8bc01445b5ca) Importer(815301076,1909f56bfc062723c751e8b465ee728b)
Start importing Assets/Oculus/SampleFramework/Core/DebugUI/Fonts/Montserrat/Montserrat-BoldItalic.ttf using Guid(440e99598766dbd40a4d8bc01445b5ca) Importer(815301076,1909f56bfc062723c751e8b465ee728b)  -> (artifact id: 'f26f2882e0654a30c27289ed3c8ec9c2') in 0.016234 seconds 
========================================================================
Received Import Request.
  Time since last request: 0.000062 seconds.
  path: Assets/Oculus/SampleFramework/Usage/HandsTrainExample/Materials/ControllerBoxButtons.mat
  artifactKey: Guid(b3244fa82a3c4c748a0faa4e84afa36f) Importer(815301076,1909f56bfc062723c751e8b465ee728b)
Start importing Assets/Oculus/SampleFramework/Usage/HandsTrainExample/Materials/ControllerBoxButtons.mat using Guid(b3244fa82a3c4c748a0faa4e84afa36f) Importer(815301076,1909f56bfc062723c751e8b465ee728b)  -> (artifact id: '82c9794d76369a6a310efc7ffdf76e5e') in 0.015934 seconds 
========================================================================
Received Import Request.
  Time since last request: 0.000083 seconds.
  path: Assets/Diving Simulation/Resources/Ocean Assets/Meshes/Materials/fishes_a-Material.mat
  artifactKey: Guid(0433a4ae90e3fc34db740a660ce47f80) Importer(815301076,1909f56bfc062723c751e8b465ee728b)
Start importing Assets/Diving Simulation/Resources/Ocean Assets/Meshes/Materials/fishes_a-Material.mat using Guid(0433a4ae90e3fc34db740a660ce47f80) Importer(815301076,1909f56bfc062723c751e8b465ee728b)  -> (artifact id: '2bcba7ab4c7ff4f117ace4458e039582') in 0.008793 seconds 
========================================================================
Received Import Request.
  Time since last request: 0.000071 seconds.
  path: Assets/Oculus/SampleFramework/Usage/HandsTrainExample/Models/ControllerBox.FBX
  artifactKey: Guid(6ea491f82329b774d8b8af4a409d8d03) Importer(815301076,1909f56bfc062723c751e8b465ee728b)
Start importing Assets/Oculus/SampleFramework/Usage/HandsTrainExample/Models/ControllerBox.FBX using Guid(6ea491f82329b774d8b8af4a409d8d03) Importer(815301076,1909f56bfc062723c751e8b465ee728b)  -> (artifact id: '42640e0a1c50ae2073bc135d9774dc62') in 0.292978 seconds 
========================================================================
Received Import Request.
  Time since last request: 0.000067 seconds.
  path: Assets/Diving Simulation/Resources/Ocean Assets/Materials/bubbles_a.mat
  artifactKey: Guid(117fdbcfa29c7904aadeb56079aacdd6) Importer(815301076,1909f56bfc062723c751e8b465ee728b)
Start importing Assets/Diving Simulation/Resources/Ocean Assets/Materials/bubbles_a.mat using Guid(117fdbcfa29c7904aadeb56079aacdd6) Importer(815301076,1909f56bfc062723c751e8b465ee728b)  -> (artifact id: 'cef6b618a374224edbcc8fea96df2ba2') in 0.047490 seconds 
========================================================================
Received Import Request.
  Time since last request: 0.000071 seconds.
  path: Assets/Oculus/VR/Materials/Arrow.mat
  artifactKey: Guid(669025377795b574da66d9bb2472fcab) Importer(815301076,1909f56bfc062723c751e8b465ee728b)
Start importing Assets/Oculus/VR/Materials/Arrow.mat using Guid(669025377795b574da66d9bb2472fcab) Importer(815301076,1909f56bfc062723c751e8b465ee728b)  -> (artifact id: '1f67c6a9a85cd1b1a438b0d0aaa7940b') in 0.008821 seconds 
========================================================================
Received Import Request.
  Time since last request: 0.000086 seconds.
  path: Assets/Oculus/Interaction/Samples/Materials/HandStopParticle.mat
  artifactKey: Guid(e42185d31895c2d4cbbcd05d29a4c115) Importer(815301076,1909f56bfc062723c751e8b465ee728b)
Start importing Assets/Oculus/Interaction/Samples/Materials/HandStopParticle.mat using Guid(e42185d31895c2d4cbbcd05d29a4c115) Importer(815301076,1909f56bfc062723c751e8b465ee728b)  -> (artifact id: '2d24c6dfbe38eb4ffb09bc48e8a0b20b') in 0.016125 seconds 
========================================================================
Received Import Request.
  Time since last request: 0.000059 seconds.
  path: Packages/com.unity.searcher/Editor/Resources/FlatSkin/Font/Roboto-BlackItalic.ttf
  artifactKey: Guid(f95147a9bab9fe649b8070170fa7ebd2) Importer(815301076,1909f56bfc062723c751e8b465ee728b)
Start importing Packages/com.unity.searcher/Editor/Resources/FlatSkin/Font/Roboto-BlackItalic.ttf using Guid(f95147a9bab9fe649b8070170fa7ebd2) Importer(815301076,1909f56bfc062723c751e8b465ee728b)  -> (artifact id: 'd314a9573f5bb637afcedbff477f5d35') in 0.010931 seconds 
========================================================================
Received Import Request.
  Time since last request: 0.000057 seconds.
  path: Assets/Oculus/SampleFramework/Core/CustomHands/Materials/Hands_solid.mat
  artifactKey: Guid(3637b758ff163493f8bb8b6d7e96d7ae) Importer(815301076,1909f56bfc062723c751e8b465ee728b)
Start importing Assets/Oculus/SampleFramework/Core/CustomHands/Materials/Hands_solid.mat using Guid(3637b758ff163493f8bb8b6d7e96d7ae) Importer(815301076,1909f56bfc062723c751e8b465ee728b)  -> (artifact id: '7602f7d6e405f70c0988e5354ca0da52') in 0.007091 seconds 
========================================================================
Received Import Request.
  Time since last request: 0.000050 seconds.
  path: Assets/Oculus/SampleFramework/Core/TouchControllers/Materials/L_controller_DIF.mat
  artifactKey: Guid(118a17c2d26838c41bded758d70cb036) Importer(815301076,1909f56bfc062723c751e8b465ee728b)
Start importing Assets/Oculus/SampleFramework/Core/TouchControllers/Materials/L_controller_DIF.mat using Guid(118a17c2d26838c41bded758d70cb036) Importer(815301076,1909f56bfc062723c751e8b465ee728b)  -> (artifact id: '69bbb96442f9faf43f1f65ebefe54980') in 0.235515 seconds 
========================================================================
Received Import Request.
  Time since last request: 0.000077 seconds.
  path: Assets/TextMesh Pro/Fonts/LiberationSans.ttf
  artifactKey: Guid(e3265ab4bf004d28a9537516768c1c75) Importer(815301076,1909f56bfc062723c751e8b465ee728b)
Start importing Assets/TextMesh Pro/Fonts/LiberationSans.ttf using Guid(e3265ab4bf004d28a9537516768c1c75) Importer(815301076,1909f56bfc062723c751e8b465ee728b)  -> (artifact id: 'e55ffaa566379bc874d873ca8aefadfd') in 0.010021 seconds 
========================================================================
Received Import Request.
  Time since last request: 0.000061 seconds.
  path: Assets/Oculus/Interaction/Samples/Objects/Environment/MRDesk/Models/MRDesk.fbx
  artifactKey: Guid(c52c4e4029c7cc547a033db8b08dd4eb) Importer(815301076,1909f56bfc062723c751e8b465ee728b)
Start importing Assets/Oculus/Interaction/Samples/Objects/Environment/MRDesk/Models/MRDesk.fbx using Guid(c52c4e4029c7cc547a033db8b08dd4eb) Importer(815301076,1909f56bfc062723c751e8b465ee728b)  -> (artifact id: 'ef75caaa0e2640d1f7a72ad4a19a2c3f') in 0.015794 seconds 
========================================================================
Received Import Request.
  Time since last request: 0.000068 seconds.
  path: Assets/Oculus/SampleFramework/Usage/Passthrough/Materials/FatHand.mat
  artifactKey: Guid(ab04d9fb6b1844341887a1606c641c42) Importer(815301076,1909f56bfc062723c751e8b465ee728b)
Start importing Assets/Oculus/SampleFramework/Usage/Passthrough/Materials/FatHand.mat using Guid(ab04d9fb6b1844341887a1606c641c42) Importer(815301076,1909f56bfc062723c751e8b465ee728b)  -> (artifact id: '0beb8ce49c9e5c1f25ea6cc7454ef43a') in 0.042023 seconds 
========================================================================
Received Import Request.
  Time since last request: 0.000055 seconds.
  path: Assets/Oculus/SampleFramework/Usage/Locomotion/Materials/GroundMat.mat
  artifactKey: Guid(1f0c317a1c26f8a4285902639d3d1a0c) Importer(815301076,1909f56bfc062723c751e8b465ee728b)
Start importing Assets/Oculus/SampleFramework/Usage/Locomotion/Materials/GroundMat.mat using Guid(1f0c317a1c26f8a4285902639d3d1a0c) Importer(815301076,1909f56bfc062723c751e8b465ee728b)  -> (artifact id: 'bee80712636e91d28ef5931d75b02fc5') in 0.008133 seconds 
========================================================================
Received Import Request.
  Time since last request: 0.000067 seconds.
  path: Assets/TextMesh Pro/Examples & Extras/Fonts/Bangers.ttf
  artifactKey: Guid(5dd49b3eacc540408c98eee0de38e0f1) Importer(815301076,1909f56bfc062723c751e8b465ee728b)
Start importing Assets/TextMesh Pro/Examples & Extras/Fonts/Bangers.ttf using Guid(5dd49b3eacc540408c98eee0de38e0f1) Importer(815301076,1909f56bfc062723c751e8b465ee728b)  -> (artifact id: '99ea1bc9466dd9642b0aec333a4fd36a') in 0.014733 seconds 
========================================================================
Received Import Request.
  Time since last request: 0.000084 seconds.
  path: Assets/Oculus/Interaction/Samples/Materials/FramePoseTwoHandedParticle.mat
  artifactKey: Guid(4f0bfa166f8d21e4f8b433ae64c0c0c0) Importer(815301076,1909f56bfc062723c751e8b465ee728b)
Start importing Assets/Oculus/Interaction/Samples/Materials/FramePoseTwoHandedParticle.mat using Guid(4f0bfa166f8d21e4f8b433ae64c0c0c0) Importer(815301076,1909f56bfc062723c751e8b465ee728b)  -> (artifact id: 'b7831c68ccb6a7d7a26b93fedd8e6077') in 0.013391 seconds 
========================================================================
Received Import Request.
  Time since last request: 0.000065 seconds.
  path: Assets/Oculus/SampleFramework/Usage/Locomotion/Materials/DebugDrawLine.mat
  artifactKey: Guid(b4fdc20717507cc48b28ef9db82f0d5f) Importer(815301076,1909f56bfc062723c751e8b465ee728b)
Start importing Assets/Oculus/SampleFramework/Usage/Locomotion/Materials/DebugDrawLine.mat using Guid(b4fdc20717507cc48b28ef9db82f0d5f) Importer(815301076,1909f56bfc062723c751e8b465ee728b)  -> (artifact id: '840b549210b5f7496b49b8a1c56b87cf') in 0.066831 seconds 
========================================================================
Received Import Request.
  Time since last request: 0.000136 seconds.
  path: Assets/TextMesh Pro/Examples & Extras/Materials/Ground - Logo Scene.mat
  artifactKey: Guid(c719e38f25a9480abd2480ab621a2949) Importer(815301076,1909f56bfc062723c751e8b465ee728b)
Start importing Assets/TextMesh Pro/Examples & Extras/Materials/Ground - Logo Scene.mat using Guid(c719e38f25a9480abd2480ab621a2949) Importer(815301076,1909f56bfc062723c751e8b465ee728b)  -> (artifact id: 'cff791185a23e9b1049cb938f73ced25') in 0.015695 seconds 
========================================================================
Received Import Request.
  Time since last request: 0.000085 seconds.
  path: Assets/Oculus/SampleFramework/Core/Locomotion/Models/DestinationIndicatorSimple.fbx
  artifactKey: Guid(823dc0eb5b064e14da00166d21f93fef) Importer(815301076,1909f56bfc062723c751e8b465ee728b)
Start importing Assets/Oculus/SampleFramework/Core/Locomotion/Models/DestinationIndicatorSimple.fbx using Guid(823dc0eb5b064e14da00166d21f93fef) Importer(815301076,1909f56bfc062723c751e8b465ee728b)  -> (artifact id: 'c5b7ca1354185b6528e5acb9dd897ec1') in 0.023326 seconds 
========================================================================
Received Import Request.
  Time since last request: 0.000054 seconds.
  path: Assets/Oculus/Interaction/Samples/Objects/Props/BigStone/Materials/BigStoneMat.mat
  artifactKey: Guid(d786d4ccd0847a64f80d21ee6b07874f) Importer(815301076,1909f56bfc062723c751e8b465ee728b)
Start importing Assets/Oculus/Interaction/Samples/Objects/Props/BigStone/Materials/BigStoneMat.mat using Guid(d786d4ccd0847a64f80d21ee6b07874f) Importer(815301076,1909f56bfc062723c751e8b465ee728b)  -> (artifact id: '5fc6ea1517e8bd115d075d57b38e1eb4') in 0.008603 seconds 
========================================================================
Received Import Request.
  Time since last request: 0.000198 seconds.
  path: Assets/Oculus/SampleFramework/Usage/SpatialAnchor/Materials/IconAnchor.mat
  artifactKey: Guid(befcd1ef2cd28244a86619559833f221) Importer(815301076,1909f56bfc062723c751e8b465ee728b)
Start importing Assets/Oculus/SampleFramework/Usage/SpatialAnchor/Materials/IconAnchor.mat using Guid(befcd1ef2cd28244a86619559833f221) Importer(815301076,1909f56bfc062723c751e8b465ee728b)  -> (artifact id: '636737ea39836903b5e013df501cd406') in 0.007487 seconds 
========================================================================
Received Import Request.
  Time since last request: 0.000058 seconds.
  path: Assets/Oculus/SampleFramework/Usage/SceneManager/Materials/Ball Visible.mat
  artifactKey: Guid(393d64b573215e544b8b5cc315e10d68) Importer(815301076,1909f56bfc062723c751e8b465ee728b)
Start importing Assets/Oculus/SampleFramework/Usage/SceneManager/Materials/Ball Visible.mat using Guid(393d64b573215e544b8b5cc315e10d68) Importer(815301076,1909f56bfc062723c751e8b465ee728b)  -> (artifact id: '57e350bf64db73b264217356fe189825') in 0.006527 seconds 
========================================================================
Received Import Request.
  Time since last request: 0.000068 seconds.
  path: Assets/Oculus/SampleFramework/Core/HandsInteraction/Materials/DefaultHandMaterial.mat
  artifactKey: Guid(8f92ce6a2e9e04e458f46e6a635b1d62) Importer(815301076,1909f56bfc062723c751e8b465ee728b)
Start importing Assets/Oculus/SampleFramework/Core/HandsInteraction/Materials/DefaultHandMaterial.mat using Guid(8f92ce6a2e9e04e458f46e6a635b1d62) Importer(815301076,1909f56bfc062723c751e8b465ee728b)  -> (artifact id: '692b6fd744697844ab9dff7b37748520') in 0.027080 seconds 
========================================================================
Received Import Request.
  Time since last request: 0.000171 seconds.
  path: Assets/Oculus/SampleFramework/Usage/Passthrough/Materials/Graffiti.mat
  artifactKey: Guid(dd331cc38e3258643bf0d3d221718362) Importer(815301076,1909f56bfc062723c751e8b465ee728b)
Start importing Assets/Oculus/SampleFramework/Usage/Passthrough/Materials/Graffiti.mat using Guid(dd331cc38e3258643bf0d3d221718362) Importer(815301076,1909f56bfc062723c751e8b465ee728b)  -> (artifact id: '7ec0cc96665667cf0a4ba112f4fe6d62') in 0.350474 seconds 
========================================================================
Received Import Request.
  Time since last request: 0.000058 seconds.
  path: Assets/Oculus/SampleFramework/Core/CustomHands/Materials/Hands_transparent.mat
  artifactKey: Guid(944feb076639a4d39b750e3cb5d7dfab) Importer(815301076,1909f56bfc062723c751e8b465ee728b)
Start importing Assets/Oculus/SampleFramework/Core/CustomHands/Materials/Hands_transparent.mat using Guid(944feb076639a4d39b750e3cb5d7dfab) Importer(815301076,1909f56bfc062723c751e8b465ee728b)  -> (artifact id: '0a5a7e96e97fa72afaa6131354d9255d') in 0.007066 seconds 
========================================================================
Received Import Request.
  Time since last request: 0.000057 seconds.
  path: Packages/com.unity.searcher/Editor/Resources/FlatSkin/Font/Roboto-Regular.ttf
  artifactKey: Guid(30dc370b164eefc43b95744fc796dad0) Importer(815301076,1909f56bfc062723c751e8b465ee728b)
Start importing Packages/com.unity.searcher/Editor/Resources/FlatSkin/Font/Roboto-Regular.ttf using Guid(30dc370b164eefc43b95744fc796dad0) Importer(815301076,1909f56bfc062723c751e8b465ee728b)  -> (artifact id: 'e398d7fc762b51001ddd9207b2808355') in 0.010431 seconds 
========================================================================
Received Import Request.
  Time since last request: 0.000134 seconds.
  path: Assets/Oculus/VR/Meshes/HandTracking/OculusHand_R.fbx
  artifactKey: Guid(88e2e1bfe11ec6c438b0ade27eaeded1) Importer(815301076,1909f56bfc062723c751e8b465ee728b)
Start importing Assets/Oculus/VR/Meshes/HandTracking/OculusHand_R.fbx using Guid(88e2e1bfe11ec6c438b0ade27eaeded1) Importer(815301076,1909f56bfc062723c751e8b465ee728b)  -> (artifact id: '4d54db90be8c76385018a1aaebdbac91') in 0.027748 seconds 
========================================================================
Received Import Request.
  Time since last request: 0.000063 seconds.
  path: Assets/Oculus/SampleFramework/Usage/SceneManager/Materials/Ball Hidden.mat
  artifactKey: Guid(9827083418370bd4383a7507ca039547) Importer(815301076,1909f56bfc062723c751e8b465ee728b)
Start importing Assets/Oculus/SampleFramework/Usage/SceneManager/Materials/Ball Hidden.mat using Guid(9827083418370bd4383a7507ca039547) Importer(815301076,1909f56bfc062723c751e8b465ee728b)  -> (artifact id: '3b97750fca7359cd7e4c4ebd672e8f39') in 0.040272 seconds 
========================================================================
Received Import Request.
  Time since last request: 0.000063 seconds.
  path: Assets/Diving Simulation/Resources/Ocean Assets/Materials/Crab.mat
  artifactKey: Guid(bd4e73a1797029745b0a124d6f3763f5) Importer(815301076,1909f56bfc062723c751e8b465ee728b)
Start importing Assets/Diving Simulation/Resources/Ocean Assets/Materials/Crab.mat using Guid(bd4e73a1797029745b0a124d6f3763f5) Importer(815301076,1909f56bfc062723c751e8b465ee728b)  -> (artifact id: 'c94531be160ca248eb355ab0dda36a70') in 0.008431 seconds 
========================================================================
Received Import Request.
  Time since last request: 0.000061 seconds.
  path: Assets/Diving Simulation/Resources/Ocean Assets/Meshes/Materials/crab_a-shell01.mat
  artifactKey: Guid(3531c31929750f94e9a8b316c1d58d79) Importer(815301076,1909f56bfc062723c751e8b465ee728b)
Start importing Assets/Diving Simulation/Resources/Ocean Assets/Meshes/Materials/crab_a-shell01.mat using Guid(3531c31929750f94e9a8b316c1d58d79) Importer(815301076,1909f56bfc062723c751e8b465ee728b)  -> (artifact id: '137c8f2b0572f161ea5cb708fff20a92') in 0.007438 seconds 
========================================================================
Received Import Request.
  Time since last request: 0.000080 seconds.
  path: Assets/TextMesh Pro/Examples & Extras/Fonts/Anton.ttf
  artifactKey: Guid(997a43b767814dd0a7642ec9b78cba41) Importer(815301076,1909f56bfc062723c751e8b465ee728b)
Start importing Assets/TextMesh Pro/Examples & Extras/Fonts/Anton.ttf using Guid(997a43b767814dd0a7642ec9b78cba41) Importer(815301076,1909f56bfc062723c751e8b465ee728b)  -> (artifact id: 'e605bbedd8fa0a7943286af6edc209ef') in 0.011188 seconds 
========================================================================
Received Import Request.
  Time since last request: 0.000059 seconds.
  path: Assets/Oculus/SampleFramework/Usage/SceneManager/Materials/Fabric.mat
  artifactKey: Guid(aae5e920b8e06ca44af918d3f48f4ad5) Importer(815301076,1909f56bfc062723c751e8b465ee728b)
Start importing Assets/Oculus/SampleFramework/Usage/SceneManager/Materials/Fabric.mat using Guid(aae5e920b8e06ca44af918d3f48f4ad5) Importer(815301076,1909f56bfc062723c751e8b465ee728b)  -> (artifact id: 'eab6d4cfb92712aff85a8ad1e69f0d3c') in 0.373588 seconds 
========================================================================
Received Import Request.
  Time since last request: 0.000061 seconds.
  path: Assets/Oculus/SampleFramework/Usage/HandsTrainExample/Materials/HandsNotificationMaterial.mat
  artifactKey: Guid(497f7cc045d01f1479c242f0b883e8f2) Importer(815301076,1909f56bfc062723c751e8b465ee728b)
Start importing Assets/Oculus/SampleFramework/Usage/HandsTrainExample/Materials/HandsNotificationMaterial.mat using Guid(497f7cc045d01f1479c242f0b883e8f2) Importer(815301076,1909f56bfc062723c751e8b465ee728b)  -> (artifact id: 'ec91e1bb0536ebc025701f2e2eeadb48') in 0.043689 seconds 
========================================================================
Received Import Request.
  Time since last request: 0.000057 seconds.
  path: Packages/com.unity.searcher/Editor/Resources/FlatSkin/Font/Roboto-ThinItalic.ttf
  artifactKey: Guid(b2ea3b3f1765e544b9eb5bd1a93a91ce) Importer(815301076,1909f56bfc062723c751e8b465ee728b)
Start importing Packages/com.unity.searcher/Editor/Resources/FlatSkin/Font/Roboto-ThinItalic.ttf using Guid(b2ea3b3f1765e544b9eb5bd1a93a91ce) Importer(815301076,1909f56bfc062723c751e8b465ee728b)  -> (artifact id: '9952e5a48c68888cc4a1bd5b2026ef4a') in 0.008793 seconds 
========================================================================
Received Import Request.
  Time since last request: 0.000061 seconds.
  path: Assets/TextMesh Pro/Examples & Extras/Resources/Fonts & Materials/Bangers SDF - Drop Shadow.mat
  artifactKey: Guid(f2dcf029949142e28b974630369c8b4e) Importer(815301076,1909f56bfc062723c751e8b465ee728b)
Start importing Assets/TextMesh Pro/Examples & Extras/Resources/Fonts & Materials/Bangers SDF - Drop Shadow.mat using Guid(f2dcf029949142e28b974630369c8b4e) Importer(815301076,1909f56bfc062723c751e8b465ee728b)  -> (artifact id: '1eda18e487e7c1e94d413e73161ac4e0') in 0.007516 seconds 
========================================================================
Received Import Request.
  Time since last request: 0.000058 seconds.
  path: Assets/Oculus/SampleFramework/Usage/SceneManager/Materials/Blue.mat
  artifactKey: Guid(f0e40fc865770de4cb1577c051163a9d) Importer(815301076,1909f56bfc062723c751e8b465ee728b)
Start importing Assets/Oculus/SampleFramework/Usage/SceneManager/Materials/Blue.mat using Guid(f0e40fc865770de4cb1577c051163a9d) Importer(815301076,1909f56bfc062723c751e8b465ee728b)  -> (artifact id: 'f69d69084a654c3f8e7fbdaf4063e5c2') in 0.009151 seconds 
========================================================================
Received Import Request.
  Time since last request: 0.000061 seconds.
  path: Assets/Oculus/SampleFramework/Usage/HandsTrainExample/Materials/ControllerBoxGlow.mat
  artifactKey: Guid(a439cfb9369c1404d9db2e5580667b14) Importer(815301076,1909f56bfc062723c751e8b465ee728b)
Start importing Assets/Oculus/SampleFramework/Usage/HandsTrainExample/Materials/ControllerBoxGlow.mat using Guid(a439cfb9369c1404d9db2e5580667b14) Importer(815301076,1909f56bfc062723c751e8b465ee728b)  -> (artifact id: '668814cb3d3fb2071622d1806eb78109') in 0.049217 seconds 
========================================================================
Received Import Request.
  Time since last request: 0.000053 seconds.
  path: Assets/Oculus/SampleFramework/Usage/HandsTrainExample/Materials/ControllerBox.mat
  artifactKey: Guid(520a8c6c6d409b44d921cd1e654d1807) Importer(815301076,1909f56bfc062723c751e8b465ee728b)
Start importing Assets/Oculus/SampleFramework/Usage/HandsTrainExample/Materials/ControllerBox.mat using Guid(520a8c6c6d409b44d921cd1e654d1807) Importer(815301076,1909f56bfc062723c751e8b465ee728b)  -> (artifact id: '1338489fc4399a69f0a50c199ce142b7') in 0.039350 seconds 
========================================================================
Received Import Request.
  Time since last request: 0.000064 seconds.
  path: Assets/Oculus/SampleFramework/Usage/HandsTrainExample/Models/TrainPalette.FBX
  artifactKey: Guid(bd0bb729cb6159b4ab21c5f62cad24ee) Importer(815301076,1909f56bfc062723c751e8b465ee728b)
Start importing Assets/Oculus/SampleFramework/Usage/HandsTrainExample/Models/TrainPalette.FBX using Guid(bd0bb729cb6159b4ab21c5f62cad24ee) Importer(815301076,1909f56bfc062723c751e8b465ee728b)  -> (artifact id: 'e5f1e142b27283444761f1577b899312') in 0.986951 seconds 
========================================================================
Received Import Request.
  Time since last request: 103.130042 seconds.
  path: Assets/TextMesh Pro/Resources/Style Sheets/Default Style Sheet.asset
  artifactKey: Guid(f952c082cb03451daed3ee968ac6c63e) Importer(815301076,1909f56bfc062723c751e8b465ee728b)
Start importing Assets/TextMesh Pro/Resources/Style Sheets/Default Style Sheet.asset using Guid(f952c082cb03451daed3ee968ac6c63e) Importer(815301076,1909f56bfc062723c751e8b465ee728b)  -> (artifact id: '4644d23dfe9f70ad6b566f56b24a74f5') in 0.003982 seconds 
========================================================================
Received Prepare
Registering precompiled user dll's ...
Registered in 0.002118 seconds.
Begin MonoManager ReloadAssembly
Thread 0x2a7dff000 may have been prematurely finalized
Symbol file LoadedFromMemory doesn't match image /Users/gallom/Documents/GitHub/HCI/DiverInterface2022/Library/PackageCache/com.unity.visualscripting@1.7.8/Editor/VisualScripting.Core/Dependencies/DotNetZip/Unity.VisualScripting.IonicZip.dll
Symbol file LoadedFromMemory doesn't match image /Users/gallom/Documents/GitHub/HCI/DiverInterface2022/Library/PackageCache/com.unity.visualscripting@1.7.8/Editor/VisualScripting.Core/Dependencies/YamlDotNet/Unity.VisualScripting.YamlDotNet.dll
Native extension for Android target not found
Native extension for OSXStandalone target not found
Refreshing native plugins compatible for Editor in 1.39 ms, found 4 plugins.
Plugins: Couldn't open /Users/gallom/Documents/GitHub/HCI/DiverInterface2022/Assets/Oculus/Spatializer/Plugins/AudioPluginOculusSpatializer.bundle/Contents/MacOS/AudioPluginOculusSpatializer, error: dlopen(/Users/gallom/Documents/GitHub/HCI/DiverInterface2022/Assets/Oculus/Spatializer/Plugins/AudioPluginOculusSpatializer.bundle/Contents/MacOS/AudioPluginOculusSpatializer, 0x0002): Library not loaded: '@rpath/libthird-party_pffft_pffft.dylib'
  Referenced from: '/Users/gallom/Documents/GitHub/HCI/DiverInterface2022/Assets/Oculus/Spatializer/Plugins/AudioPluginOculusSpatializer.bundle/Contents/MacOS/AudioPluginOculusSpatializer'
  Reason: tried: '/Applications/Unity/Hub/Editor/2021.3.13f1/Unity.app/Contents/MacOS/../Frameworks/libthird-party_pffft_pffft.dylib' (no such file), '/Applications/Unity/Hub/Editor/2021.3.13f1/Unity.app/Contents/MacOS/../Frameworks/libthird-party_pffft_pffft.dylib' (no such file), '/usr/local/lib/libthird-party_pffft_pffft.dylib' (no such file), '/usr/lib/libthird-party_pffft_pffft.dylib' (no such file)
Preloading 1 native plugins for Editor in 0.40 ms.
Mono: successfully reloaded assembly
- Completed reload, in  0.925 seconds
Domain Reload Profiling:
	ReloadAssembly (925ms)
		BeginReloadAssembly (161ms)
			ExecutionOrderSort (0ms)
			DisableScriptedObjects (19ms)
			BackupInstance (0ms)
			ReleaseScriptingObjects (0ms)
			CreateAndSetChildDomain (87ms)
		EndReloadAssembly (694ms)
			LoadAssemblies (42ms)
			RebuildTransferFunctionScriptingTraits (0ms)
			SetupTypeCache (247ms)
			ReleaseScriptCaches (2ms)
			RebuildScriptCaches (38ms)
			SetupLoadedEditorAssemblies (294ms)
				LogAssemblyErrors (0ms)
				InitializePlatformSupportModulesInManaged (11ms)
				SetLoadedEditorAssemblies (0ms)
				RefreshPlugins (2ms)
				BeforeProcessingInitializeOnLoad (58ms)
				ProcessInitializeOnLoadAttributes (167ms)
				ProcessInitializeOnLoadMethodAttributes (55ms)
				AfterProcessingInitializeOnLoad (1ms)
				EditorAssembliesLoaded (0ms)
			ExecutionOrderSort2 (0ms)
			AwakeInstancesAfterBackupRestoration (13ms)
Platform modules already initialized, skipping
Shader 'Oculus/OVRMRCameraFrameLit': fallback shader 'Alpha-Diffuse' not found
Refreshing native plugins compatible for Editor in 2.09 ms, found 4 plugins.
Plugins: Couldn't open /Users/gallom/Documents/GitHub/HCI/DiverInterface2022/Assets/Oculus/Spatializer/Plugins/AudioPluginOculusSpatializer.bundle/Contents/MacOS/AudioPluginOculusSpatializer, error: dlopen(/Users/gallom/Documents/GitHub/HCI/DiverInterface2022/Assets/Oculus/Spatializer/Plugins/AudioPluginOculusSpatializer.bundle/Contents/MacOS/AudioPluginOculusSpatializer, 0x0002): Library not loaded: '@rpath/libthird-party_pffft_pffft.dylib'
  Referenced from: '/Users/gallom/Documents/GitHub/HCI/DiverInterface2022/Assets/Oculus/Spatializer/Plugins/AudioPluginOculusSpatializer.bundle/Contents/MacOS/AudioPluginOculusSpatializer'
  Reason: tried: '/Applications/Unity/Hub/Editor/2021.3.13f1/Unity.app/Contents/MacOS/../Frameworks/libthird-party_pffft_pffft.dylib' (no such file), '/Applications/Unity/Hub/Editor/2021.3.13f1/Unity.app/Contents/MacOS/../Frameworks/libthird-party_pffft_pffft.dylib' (no such file), '/usr/local/lib/libthird-party_pffft_pffft.dylib' (no such file), '/usr/lib/libthird-party_pffft_pffft.dylib' (no such file)
Preloading 1 native plugins for Editor in 0.31 ms.
Unloading 6271 Unused Serialized files (Serialized files now loaded: 0)
Unloading 55 unused Assets / (186.0 KB). Loaded Objects now: 7033.
Memory consumption went from 413.0 MB to 412.8 MB.
Total: 3.065208 ms (FindLiveObjects: 0.208542 ms CreateObjectMapping: 0.101250 ms MarkObjects: 2.595333 ms  DeleteObjects: 0.159334 ms)

AssetImportParameters requested are different than current active one (requested -> active):
  custom:video-decoder-ogg-theora: a1e56fd34408186e4bbccfd4996cb3dc -> 
  custom:container-muxer-webm: aa71ff27fc2769a1b78a27578f13a17b -> 
  custom:container-demuxer-webm: 4f35f7cbe854078d1ac9338744f61a02 -> 
  custom:video-encoder-webm-vp8: eb34c28f22e8b96e1ab97ce403110664 -> 
  custom:framework-osx-AVFoundation: e770b220cccbd017edd2c1fefb359320 -> 
  custom:audio-encoder-webm-vorbis: bf7c407c2cedff20999df2af8eb42d56 -> 
  custom:container-demuxer-ogg: 62fdf1f143b41e24485cea50d1cbac27 -> 
  custom:video-decoder-webm-vp8: 9c59270c3fd7afecdb556c50c9e8de78 -> 
  custom:audio-decoder-ogg-vorbis: bf7c407c2cedff20999df2af8eb42d56 -> 
========================================================================
Received Prepare
Registering precompiled user dll's ...
Registered in 0.002252 seconds.
Begin MonoManager ReloadAssembly
Thread 0x16dd83000 may have been prematurely finalized
Symbol file LoadedFromMemory doesn't match image /Users/gallom/Documents/GitHub/HCI/DiverInterface2022/Library/PackageCache/com.unity.visualscripting@1.7.8/Editor/VisualScripting.Core/Dependencies/DotNetZip/Unity.VisualScripting.IonicZip.dll
Symbol file LoadedFromMemory doesn't match image /Users/gallom/Documents/GitHub/HCI/DiverInterface2022/Library/PackageCache/com.unity.visualscripting@1.7.8/Editor/VisualScripting.Core/Dependencies/YamlDotNet/Unity.VisualScripting.YamlDotNet.dll
Native extension for Android target not found
Native extension for OSXStandalone target not found
Refreshing native plugins compatible for Editor in 1.11 ms, found 4 plugins.
Plugins: Couldn't open /Users/gallom/Documents/GitHub/HCI/DiverInterface2022/Assets/Oculus/Spatializer/Plugins/AudioPluginOculusSpatializer.bundle/Contents/MacOS/AudioPluginOculusSpatializer, error: dlopen(/Users/gallom/Documents/GitHub/HCI/DiverInterface2022/Assets/Oculus/Spatializer/Plugins/AudioPluginOculusSpatializer.bundle/Contents/MacOS/AudioPluginOculusSpatializer, 0x0002): Library not loaded: '@rpath/libthird-party_pffft_pffft.dylib'
  Referenced from: '/Users/gallom/Documents/GitHub/HCI/DiverInterface2022/Assets/Oculus/Spatializer/Plugins/AudioPluginOculusSpatializer.bundle/Contents/MacOS/AudioPluginOculusSpatializer'
  Reason: tried: '/Applications/Unity/Hub/Editor/2021.3.13f1/Unity.app/Contents/MacOS/../Frameworks/libthird-party_pffft_pffft.dylib' (no such file), '/Applications/Unity/Hub/Editor/2021.3.13f1/Unity.app/Contents/MacOS/../Frameworks/libthird-party_pffft_pffft.dylib' (no such file), '/usr/local/lib/libthird-party_pffft_pffft.dylib' (no such file), '/usr/lib/libthird-party_pffft_pffft.dylib' (no such file)
Preloading 1 native plugins for Editor in 0.37 ms.
Mono: successfully reloaded assembly
- Completed reload, in  0.843 seconds
Domain Reload Profiling:
	ReloadAssembly (844ms)
		BeginReloadAssembly (106ms)
			ExecutionOrderSort (0ms)
			DisableScriptedObjects (4ms)
			BackupInstance (0ms)
			ReleaseScriptingObjects (0ms)
			CreateAndSetChildDomain (46ms)
		EndReloadAssembly (670ms)
			LoadAssemblies (56ms)
			RebuildTransferFunctionScriptingTraits (0ms)
			SetupTypeCache (231ms)
			ReleaseScriptCaches (2ms)
			RebuildScriptCaches (37ms)
			SetupLoadedEditorAssemblies (285ms)
				LogAssemblyErrors (0ms)
				InitializePlatformSupportModulesInManaged (10ms)
				SetLoadedEditorAssemblies (0ms)
				RefreshPlugins (1ms)
				BeforeProcessingInitializeOnLoad (57ms)
				ProcessInitializeOnLoadAttributes (167ms)
				ProcessInitializeOnLoadMethodAttributes (48ms)
				AfterProcessingInitializeOnLoad (1ms)
				EditorAssembliesLoaded (0ms)
			ExecutionOrderSort2 (0ms)
			AwakeInstancesAfterBackupRestoration (9ms)
Platform modules already initialized, skipping
Shader 'Oculus/OVRMRCameraFrameLit': fallback shader 'Alpha-Diffuse' not found
Refreshing native plugins compatible for Editor in 3.77 ms, found 4 plugins.
Plugins: Couldn't open /Users/gallom/Documents/GitHub/HCI/DiverInterface2022/Assets/Oculus/Spatializer/Plugins/AudioPluginOculusSpatializer.bundle/Contents/MacOS/AudioPluginOculusSpatializer, error: dlopen(/Users/gallom/Documents/GitHub/HCI/DiverInterface2022/Assets/Oculus/Spatializer/Plugins/AudioPluginOculusSpatializer.bundle/Contents/MacOS/AudioPluginOculusSpatializer, 0x0002): Library not loaded: '@rpath/libthird-party_pffft_pffft.dylib'
  Referenced from: '/Users/gallom/Documents/GitHub/HCI/DiverInterface2022/Assets/Oculus/Spatializer/Plugins/AudioPluginOculusSpatializer.bundle/Contents/MacOS/AudioPluginOculusSpatializer'
  Reason: tried: '/Applications/Unity/Hub/Editor/2021.3.13f1/Unity.app/Contents/MacOS/../Frameworks/libthird-party_pffft_pffft.dylib' (no such file), '/Applications/Unity/Hub/Editor/2021.3.13f1/Unity.app/Contents/MacOS/../Frameworks/libthird-party_pffft_pffft.dylib' (no such file), '/usr/local/lib/libthird-party_pffft_pffft.dylib' (no such file), '/usr/lib/libthird-party_pffft_pffft.dylib' (no such file)
Preloading 1 native plugins for Editor in 0.32 ms.
Unloading 6271 Unused Serialized files (Serialized files now loaded: 0)
Unloading 55 unused Assets / (186.2 KB). Loaded Objects now: 7037.
Memory consumption went from 413.1 MB to 412.9 MB.
Total: 3.156041 ms (FindLiveObjects: 0.229500 ms CreateObjectMapping: 0.110291 ms MarkObjects: 2.643167 ms  DeleteObjects: 0.172416 ms)

AssetImportParameters requested are different than current active one (requested -> active):
  custom:video-decoder-ogg-theora: a1e56fd34408186e4bbccfd4996cb3dc -> 
  custom:container-muxer-webm: aa71ff27fc2769a1b78a27578f13a17b -> 
  custom:container-demuxer-webm: 4f35f7cbe854078d1ac9338744f61a02 -> 
  custom:video-encoder-webm-vp8: eb34c28f22e8b96e1ab97ce403110664 -> 
  custom:framework-osx-AVFoundation: e770b220cccbd017edd2c1fefb359320 -> 
  custom:audio-encoder-webm-vorbis: bf7c407c2cedff20999df2af8eb42d56 -> 
  custom:container-demuxer-ogg: 62fdf1f143b41e24485cea50d1cbac27 -> 
  custom:video-decoder-webm-vp8: 9c59270c3fd7afecdb556c50c9e8de78 -> 
  custom:audio-decoder-ogg-vorbis: bf7c407c2cedff20999df2af8eb42d56 -> 
========================================================================
Received Prepare
Shader 'Oculus/OVRMRCameraFrameLit': fallback shader 'Alpha-Diffuse' not found
Refreshing native plugins compatible for Editor in 10.20 ms, found 4 plugins.
Plugins: Couldn't open /Users/gallom/Documents/GitHub/HCI/DiverInterface2022/Assets/Oculus/Spatializer/Plugins/AudioPluginOculusSpatializer.bundle/Contents/MacOS/AudioPluginOculusSpatializer, error: dlopen(/Users/gallom/Documents/GitHub/HCI/DiverInterface2022/Assets/Oculus/Spatializer/Plugins/AudioPluginOculusSpatializer.bundle/Contents/MacOS/AudioPluginOculusSpatializer, 0x0002): Library not loaded: '@rpath/libthird-party_pffft_pffft.dylib'
  Referenced from: '/Users/gallom/Documents/GitHub/HCI/DiverInterface2022/Assets/Oculus/Spatializer/Plugins/AudioPluginOculusSpatializer.bundle/Contents/MacOS/AudioPluginOculusSpatializer'
  Reason: tried: '/Applications/Unity/Hub/Editor/2021.3.13f1/Unity.app/Contents/MacOS/../Frameworks/libthird-party_pffft_pffft.dylib' (no such file), '/Applications/Unity/Hub/Editor/2021.3.13f1/Unity.app/Contents/MacOS/../Frameworks/libthird-party_pffft_pffft.dylib' (no such file), '/usr/local/lib/libthird-party_pffft_pffft.dylib' (no such file), '/usr/lib/libthird-party_pffft_pffft.dylib' (no such file)
Preloading 1 native plugins for Editor in 0.35 ms.
Unloading 55 Unused Serialized files (Serialized files now loaded: 0)
Unloading 55 unused Assets / (179.2 KB). Loaded Objects now: 7037.
Memory consumption went from 287.4 MB to 287.2 MB.
Total: 3.102959 ms (FindLiveObjects: 0.249708 ms CreateObjectMapping: 0.092375 ms MarkObjects: 2.582208 ms  DeleteObjects: 0.178000 ms)

AssetImportParameters requested are different than current active one (requested -> active):
  custom:video-decoder-ogg-theora: a1e56fd34408186e4bbccfd4996cb3dc -> 
  custom:container-muxer-webm: aa71ff27fc2769a1b78a27578f13a17b -> 
  custom:container-demuxer-webm: 4f35f7cbe854078d1ac9338744f61a02 -> 
  custom:video-encoder-webm-vp8: eb34c28f22e8b96e1ab97ce403110664 -> 
  custom:framework-osx-AVFoundation: e770b220cccbd017edd2c1fefb359320 -> 
  custom:audio-encoder-webm-vorbis: bf7c407c2cedff20999df2af8eb42d56 -> 
  custom:container-demuxer-ogg: 62fdf1f143b41e24485cea50d1cbac27 -> 
  custom:video-decoder-webm-vp8: 9c59270c3fd7afecdb556c50c9e8de78 -> 
  custom:audio-decoder-ogg-vorbis: bf7c407c2cedff20999df2af8eb42d56 -> 
========================================================================
Received Prepare
Shader 'Oculus/OVRMRCameraFrameLit': fallback shader 'Alpha-Diffuse' not found
Refreshing native plugins compatible for Editor in 9.98 ms, found 4 plugins.
Plugins: Couldn't open /Users/gallom/Documents/GitHub/HCI/DiverInterface2022/Assets/Oculus/Spatializer/Plugins/AudioPluginOculusSpatializer.bundle/Contents/MacOS/AudioPluginOculusSpatializer, error: dlopen(/Users/gallom/Documents/GitHub/HCI/DiverInterface2022/Assets/Oculus/Spatializer/Plugins/AudioPluginOculusSpatializer.bundle/Contents/MacOS/AudioPluginOculusSpatializer, 0x0002): Library not loaded: '@rpath/libthird-party_pffft_pffft.dylib'
  Referenced from: '/Users/gallom/Documents/GitHub/HCI/DiverInterface2022/Assets/Oculus/Spatializer/Plugins/AudioPluginOculusSpatializer.bundle/Contents/MacOS/AudioPluginOculusSpatializer'
  Reason: tried: '/Applications/Unity/Hub/Editor/2021.3.13f1/Unity.app/Contents/MacOS/../Frameworks/libthird-party_pffft_pffft.dylib' (no such file), '/Applications/Unity/Hub/Editor/2021.3.13f1/Unity.app/Contents/MacOS/../Frameworks/libthird-party_pffft_pffft.dylib' (no such file), '/usr/local/lib/libthird-party_pffft_pffft.dylib' (no such file), '/usr/lib/libthird-party_pffft_pffft.dylib' (no such file)
Preloading 1 native plugins for Editor in 0.48 ms.
Unloading 55 Unused Serialized files (Serialized files now loaded: 0)
Unloading 55 unused Assets / (186.5 KB). Loaded Objects now: 7037.
Memory consumption went from 287.4 MB to 287.2 MB.
Total: 9.758625 ms (FindLiveObjects: 0.454250 ms CreateObjectMapping: 0.097500 ms MarkObjects: 8.974333 ms  DeleteObjects: 0.231541 ms)

AssetImportParameters requested are different than current active one (requested -> active):
  custom:video-decoder-ogg-theora: a1e56fd34408186e4bbccfd4996cb3dc -> 
  custom:container-muxer-webm: aa71ff27fc2769a1b78a27578f13a17b -> 
  custom:container-demuxer-webm: 4f35f7cbe854078d1ac9338744f61a02 -> 
  custom:video-encoder-webm-vp8: eb34c28f22e8b96e1ab97ce403110664 -> 
  custom:framework-osx-AVFoundation: e770b220cccbd017edd2c1fefb359320 -> 
  custom:audio-encoder-webm-vorbis: bf7c407c2cedff20999df2af8eb42d56 -> 
  custom:container-demuxer-ogg: 62fdf1f143b41e24485cea50d1cbac27 -> 
  custom:video-decoder-webm-vp8: 9c59270c3fd7afecdb556c50c9e8de78 -> 
  custom:audio-decoder-ogg-vorbis: bf7c407c2cedff20999df2af8eb42d56 -> 
========================================================================
Received Prepare
Shader 'Oculus/OVRMRCameraFrameLit': fallback shader 'Alpha-Diffuse' not found
Refreshing native plugins compatible for Editor in 9.61 ms, found 4 plugins.
Plugins: Couldn't open /Users/gallom/Documents/GitHub/HCI/DiverInterface2022/Assets/Oculus/Spatializer/Plugins/AudioPluginOculusSpatializer.bundle/Contents/MacOS/AudioPluginOculusSpatializer, error: dlopen(/Users/gallom/Documents/GitHub/HCI/DiverInterface2022/Assets/Oculus/Spatializer/Plugins/AudioPluginOculusSpatializer.bundle/Contents/MacOS/AudioPluginOculusSpatializer, 0x0002): Library not loaded: '@rpath/libthird-party_pffft_pffft.dylib'
  Referenced from: '/Users/gallom/Documents/GitHub/HCI/DiverInterface2022/Assets/Oculus/Spatializer/Plugins/AudioPluginOculusSpatializer.bundle/Contents/MacOS/AudioPluginOculusSpatializer'
  Reason: tried: '/Applications/Unity/Hub/Editor/2021.3.13f1/Unity.app/Contents/MacOS/../Frameworks/libthird-party_pffft_pffft.dylib' (no such file), '/Applications/Unity/Hub/Editor/2021.3.13f1/Unity.app/Contents/MacOS/../Frameworks/libthird-party_pffft_pffft.dylib' (no such file), '/usr/local/lib/libthird-party_pffft_pffft.dylib' (no such file), '/usr/lib/libthird-party_pffft_pffft.dylib' (no such file)
Preloading 1 native plugins for Editor in 0.46 ms.
Unloading 55 Unused Serialized files (Serialized files now loaded: 0)
Unloading 55 unused Assets / (178.8 KB). Loaded Objects now: 7037.
Memory consumption went from 287.4 MB to 287.2 MB.
Total: 10.186125 ms (FindLiveObjects: 0.398875 ms CreateObjectMapping: 0.096791 ms MarkObjects: 9.455958 ms  DeleteObjects: 0.233625 ms)

AssetImportParameters requested are different than current active one (requested -> active):
  custom:video-decoder-ogg-theora: a1e56fd34408186e4bbccfd4996cb3dc -> 
  custom:container-muxer-webm: aa71ff27fc2769a1b78a27578f13a17b -> 
  custom:container-demuxer-webm: 4f35f7cbe854078d1ac9338744f61a02 -> 
  custom:video-encoder-webm-vp8: eb34c28f22e8b96e1ab97ce403110664 -> 
  custom:framework-osx-AVFoundation: e770b220cccbd017edd2c1fefb359320 -> 
  custom:audio-encoder-webm-vorbis: bf7c407c2cedff20999df2af8eb42d56 -> 
  custom:container-demuxer-ogg: 62fdf1f143b41e24485cea50d1cbac27 -> 
  custom:video-decoder-webm-vp8: 9c59270c3fd7afecdb556c50c9e8de78 -> 
  custom:audio-decoder-ogg-vorbis: bf7c407c2cedff20999df2af8eb42d56 -> 
========================================================================
Received Prepare
Shader 'Oculus/OVRMRCameraFrameLit': fallback shader 'Alpha-Diffuse' not found
Refreshing native plugins compatible for Editor in 10.74 ms, found 4 plugins.
Plugins: Couldn't open /Users/gallom/Documents/GitHub/HCI/DiverInterface2022/Assets/Oculus/Spatializer/Plugins/AudioPluginOculusSpatializer.bundle/Contents/MacOS/AudioPluginOculusSpatializer, error: dlopen(/Users/gallom/Documents/GitHub/HCI/DiverInterface2022/Assets/Oculus/Spatializer/Plugins/AudioPluginOculusSpatializer.bundle/Contents/MacOS/AudioPluginOculusSpatializer, 0x0002): Library not loaded: '@rpath/libthird-party_pffft_pffft.dylib'
  Referenced from: '/Users/gallom/Documents/GitHub/HCI/DiverInterface2022/Assets/Oculus/Spatializer/Plugins/AudioPluginOculusSpatializer.bundle/Contents/MacOS/AudioPluginOculusSpatializer'
  Reason: tried: '/Applications/Unity/Hub/Editor/2021.3.13f1/Unity.app/Contents/MacOS/../Frameworks/libthird-party_pffft_pffft.dylib' (no such file), '/Applications/Unity/Hub/Editor/2021.3.13f1/Unity.app/Contents/MacOS/../Frameworks/libthird-party_pffft_pffft.dylib' (no such file), '/usr/local/lib/libthird-party_pffft_pffft.dylib' (no such file), '/usr/lib/libthird-party_pffft_pffft.dylib' (no such file)
Preloading 1 native plugins for Editor in 0.59 ms.
Unloading 55 Unused Serialized files (Serialized files now loaded: 0)
Unloading 55 unused Assets / (186.5 KB). Loaded Objects now: 7037.
Memory consumption went from 287.4 MB to 287.2 MB.
Total: 13.140500 ms (FindLiveObjects: 0.519834 ms CreateObjectMapping: 0.098834 ms MarkObjects: 12.300458 ms  DeleteObjects: 0.221000 ms)

AssetImportParameters requested are different than current active one (requested -> active):
  custom:video-decoder-ogg-theora: a1e56fd34408186e4bbccfd4996cb3dc -> 
  custom:container-muxer-webm: aa71ff27fc2769a1b78a27578f13a17b -> 
  custom:container-demuxer-webm: 4f35f7cbe854078d1ac9338744f61a02 -> 
  custom:video-encoder-webm-vp8: eb34c28f22e8b96e1ab97ce403110664 -> 
  custom:framework-osx-AVFoundation: e770b220cccbd017edd2c1fefb359320 -> 
  custom:audio-encoder-webm-vorbis: bf7c407c2cedff20999df2af8eb42d56 -> 
  custom:container-demuxer-ogg: 62fdf1f143b41e24485cea50d1cbac27 -> 
  custom:video-decoder-webm-vp8: 9c59270c3fd7afecdb556c50c9e8de78 -> 
  custom:audio-decoder-ogg-vorbis: bf7c407c2cedff20999df2af8eb42d56 -> 
========================================================================
Received Prepare
Shader 'Oculus/OVRMRCameraFrameLit': fallback shader 'Alpha-Diffuse' not found
Refreshing native plugins compatible for Editor in 4.37 ms, found 4 plugins.
Plugins: Couldn't open /Users/gallom/Documents/GitHub/HCI/DiverInterface2022/Assets/Oculus/Spatializer/Plugins/AudioPluginOculusSpatializer.bundle/Contents/MacOS/AudioPluginOculusSpatializer, error: dlopen(/Users/gallom/Documents/GitHub/HCI/DiverInterface2022/Assets/Oculus/Spatializer/Plugins/AudioPluginOculusSpatializer.bundle/Contents/MacOS/AudioPluginOculusSpatializer, 0x0002): Library not loaded: '@rpath/libthird-party_pffft_pffft.dylib'
  Referenced from: '/Users/gallom/Documents/GitHub/HCI/DiverInterface2022/Assets/Oculus/Spatializer/Plugins/AudioPluginOculusSpatializer.bundle/Contents/MacOS/AudioPluginOculusSpatializer'
  Reason: tried: '/Applications/Unity/Hub/Editor/2021.3.13f1/Unity.app/Contents/MacOS/../Frameworks/libthird-party_pffft_pffft.dylib' (no such file), '/Applications/Unity/Hub/Editor/2021.3.13f1/Unity.app/Contents/MacOS/../Frameworks/libthird-party_pffft_pffft.dylib' (no such file), '/usr/local/lib/libthird-party_pffft_pffft.dylib' (no such file), '/usr/lib/libthird-party_pffft_pffft.dylib' (no such file)
Preloading 1 native plugins for Editor in 0.48 ms.
Unloading 55 Unused Serialized files (Serialized files now loaded: 0)
Unloading 55 unused Assets / (178.9 KB). Loaded Objects now: 7037.
Memory consumption went from 287.4 MB to 287.2 MB.
Total: 10.200458 ms (FindLiveObjects: 0.423041 ms CreateObjectMapping: 0.118667 ms MarkObjects: 9.163917 ms  DeleteObjects: 0.493792 ms)

AssetImportParameters requested are different than current active one (requested -> active):
  custom:video-decoder-ogg-theora: a1e56fd34408186e4bbccfd4996cb3dc -> 
  custom:container-muxer-webm: aa71ff27fc2769a1b78a27578f13a17b -> 
  custom:container-demuxer-webm: 4f35f7cbe854078d1ac9338744f61a02 -> 
  custom:video-encoder-webm-vp8: eb34c28f22e8b96e1ab97ce403110664 -> 
  custom:framework-osx-AVFoundation: e770b220cccbd017edd2c1fefb359320 -> 
  custom:audio-encoder-webm-vorbis: bf7c407c2cedff20999df2af8eb42d56 -> 
  custom:container-demuxer-ogg: 62fdf1f143b41e24485cea50d1cbac27 -> 
  custom:video-decoder-webm-vp8: 9c59270c3fd7afecdb556c50c9e8de78 -> 
  custom:audio-decoder-ogg-vorbis: bf7c407c2cedff20999df2af8eb42d56 -> 
========================================================================
Received Prepare
Shader 'Oculus/OVRMRCameraFrameLit': fallback shader 'Alpha-Diffuse' not found
Refreshing native plugins compatible for Editor in 10.34 ms, found 4 plugins.
Plugins: Couldn't open /Users/gallom/Documents/GitHub/HCI/DiverInterface2022/Assets/Oculus/Spatializer/Plugins/AudioPluginOculusSpatializer.bundle/Contents/MacOS/AudioPluginOculusSpatializer, error: dlopen(/Users/gallom/Documents/GitHub/HCI/DiverInterface2022/Assets/Oculus/Spatializer/Plugins/AudioPluginOculusSpatializer.bundle/Contents/MacOS/AudioPluginOculusSpatializer, 0x0002): Library not loaded: '@rpath/libthird-party_pffft_pffft.dylib'
  Referenced from: '/Users/gallom/Documents/GitHub/HCI/DiverInterface2022/Assets/Oculus/Spatializer/Plugins/AudioPluginOculusSpatializer.bundle/Contents/MacOS/AudioPluginOculusSpatializer'
  Reason: tried: '/Applications/Unity/Hub/Editor/2021.3.13f1/Unity.app/Contents/MacOS/../Frameworks/libthird-party_pffft_pffft.dylib' (no such file), '/Applications/Unity/Hub/Editor/2021.3.13f1/Unity.app/Contents/MacOS/../Frameworks/libthird-party_pffft_pffft.dylib' (no such file), '/usr/local/lib/libthird-party_pffft_pffft.dylib' (no such file), '/usr/lib/libthird-party_pffft_pffft.dylib' (no such file)
Preloading 1 native plugins for Editor in 0.45 ms.
Unloading 55 Unused Serialized files (Serialized files now loaded: 0)
Unloading 55 unused Assets / (186.6 KB). Loaded Objects now: 7037.
Memory consumption went from 287.4 MB to 287.2 MB.
Total: 11.166917 ms (FindLiveObjects: 0.430792 ms CreateObjectMapping: 0.095500 ms MarkObjects: 10.259333 ms  DeleteObjects: 0.380625 ms)

AssetImportParameters requested are different than current active one (requested -> active):
  custom:video-decoder-ogg-theora: a1e56fd34408186e4bbccfd4996cb3dc -> 
  custom:container-muxer-webm: aa71ff27fc2769a1b78a27578f13a17b -> 
  custom:container-demuxer-webm: 4f35f7cbe854078d1ac9338744f61a02 -> 
  custom:video-encoder-webm-vp8: eb34c28f22e8b96e1ab97ce403110664 -> 
  custom:framework-osx-AVFoundation: e770b220cccbd017edd2c1fefb359320 -> 
  custom:audio-encoder-webm-vorbis: bf7c407c2cedff20999df2af8eb42d56 -> 
  custom:container-demuxer-ogg: 62fdf1f143b41e24485cea50d1cbac27 -> 
  custom:video-decoder-webm-vp8: 9c59270c3fd7afecdb556c50c9e8de78 -> 
  custom:audio-decoder-ogg-vorbis: bf7c407c2cedff20999df2af8eb42d56 -> 
========================================================================
Received Import Request.
  Time since last request: 2166.377127 seconds.
  path: Assets/Diving Simulation/Scripts/OxygenBar.cs
  artifactKey: Guid(b3da87c08003992499fe4c19f5743fc7) Importer(815301076,1909f56bfc062723c751e8b465ee728b)
Start importing Assets/Diving Simulation/Scripts/OxygenBar.cs using Guid(b3da87c08003992499fe4c19f5743fc7) Importer(815301076,1909f56bfc062723c751e8b465ee728b)  -> (artifact id: '2b817e040ce856e93104788be1842ce2') in 0.144366 seconds 
========================================================================
Received Prepare
Registering precompiled user dll's ...
Registered in 0.002306 seconds.
Begin MonoManager ReloadAssembly
Thread 0x16dd83000 may have been prematurely finalized
Symbol file LoadedFromMemory doesn't match image /Users/gallom/Documents/GitHub/HCI/DiverInterface2022/Library/PackageCache/com.unity.visualscripting@1.7.8/Editor/VisualScripting.Core/Dependencies/DotNetZip/Unity.VisualScripting.IonicZip.dll
Symbol file LoadedFromMemory doesn't match image /Users/gallom/Documents/GitHub/HCI/DiverInterface2022/Library/PackageCache/com.unity.visualscripting@1.7.8/Editor/VisualScripting.Core/Dependencies/YamlDotNet/Unity.VisualScripting.YamlDotNet.dll
Native extension for Android target not found
Native extension for OSXStandalone target not found
Refreshing native plugins compatible for Editor in 0.96 ms, found 4 plugins.
Plugins: Couldn't open /Users/gallom/Documents/GitHub/HCI/DiverInterface2022/Assets/Oculus/Spatializer/Plugins/AudioPluginOculusSpatializer.bundle/Contents/MacOS/AudioPluginOculusSpatializer, error: dlopen(/Users/gallom/Documents/GitHub/HCI/DiverInterface2022/Assets/Oculus/Spatializer/Plugins/AudioPluginOculusSpatializer.bundle/Contents/MacOS/AudioPluginOculusSpatializer, 0x0002): Library not loaded: '@rpath/libthird-party_pffft_pffft.dylib'
  Referenced from: '/Users/gallom/Documents/GitHub/HCI/DiverInterface2022/Assets/Oculus/Spatializer/Plugins/AudioPluginOculusSpatializer.bundle/Contents/MacOS/AudioPluginOculusSpatializer'
  Reason: tried: '/Applications/Unity/Hub/Editor/2021.3.13f1/Unity.app/Contents/MacOS/../Frameworks/libthird-party_pffft_pffft.dylib' (no such file), '/Applications/Unity/Hub/Editor/2021.3.13f1/Unity.app/Contents/MacOS/../Frameworks/libthird-party_pffft_pffft.dylib' (no such file), '/usr/local/lib/libthird-party_pffft_pffft.dylib' (no such file), '/usr/lib/libthird-party_pffft_pffft.dylib' (no such file)
Preloading 1 native plugins for Editor in 0.42 ms.
Mono: successfully reloaded assembly
- Completed reload, in  1.039 seconds
Domain Reload Profiling:
	ReloadAssembly (1039ms)
		BeginReloadAssembly (230ms)
			ExecutionOrderSort (0ms)
			DisableScriptedObjects (11ms)
			BackupInstance (0ms)
			ReleaseScriptingObjects (0ms)
			CreateAndSetChildDomain (95ms)
		EndReloadAssembly (737ms)
			LoadAssemblies (113ms)
			RebuildTransferFunctionScriptingTraits (0ms)
			SetupTypeCache (274ms)
			ReleaseScriptCaches (2ms)
			RebuildScriptCaches (42ms)
			SetupLoadedEditorAssemblies (305ms)
				LogAssemblyErrors (0ms)
				InitializePlatformSupportModulesInManaged (11ms)
				SetLoadedEditorAssemblies (0ms)
				RefreshPlugins (1ms)
				BeforeProcessingInitializeOnLoad (59ms)
				ProcessInitializeOnLoadAttributes (179ms)
				ProcessInitializeOnLoadMethodAttributes (53ms)
				AfterProcessingInitializeOnLoad (1ms)
				EditorAssembliesLoaded (0ms)
			ExecutionOrderSort2 (0ms)
			AwakeInstancesAfterBackupRestoration (10ms)
Platform modules already initialized, skipping
Shader 'Oculus/OVRMRCameraFrameLit': fallback shader 'Alpha-Diffuse' not found
Refreshing native plugins compatible for Editor in 2.44 ms, found 4 plugins.
Plugins: Couldn't open /Users/gallom/Documents/GitHub/HCI/DiverInterface2022/Assets/Oculus/Spatializer/Plugins/AudioPluginOculusSpatializer.bundle/Contents/MacOS/AudioPluginOculusSpatializer, error: dlopen(/Users/gallom/Documents/GitHub/HCI/DiverInterface2022/Assets/Oculus/Spatializer/Plugins/AudioPluginOculusSpatializer.bundle/Contents/MacOS/AudioPluginOculusSpatializer, 0x0002): Library not loaded: '@rpath/libthird-party_pffft_pffft.dylib'
  Referenced from: '/Users/gallom/Documents/GitHub/HCI/DiverInterface2022/Assets/Oculus/Spatializer/Plugins/AudioPluginOculusSpatializer.bundle/Contents/MacOS/AudioPluginOculusSpatializer'
  Reason: tried: '/Applications/Unity/Hub/Editor/2021.3.13f1/Unity.app/Contents/MacOS/../Frameworks/libthird-party_pffft_pffft.dylib' (no such file), '/Applications/Unity/Hub/Editor/2021.3.13f1/Unity.app/Contents/MacOS/../Frameworks/libthird-party_pffft_pffft.dylib' (no such file), '/usr/local/lib/libthird-party_pffft_pffft.dylib' (no such file), '/usr/lib/libthird-party_pffft_pffft.dylib' (no such file)
Preloading 1 native plugins for Editor in 0.35 ms.
Unloading 6271 Unused Serialized files (Serialized files now loaded: 0)
Unloading 55 unused Assets / (186.2 KB). Loaded Objects now: 7041.
Memory consumption went from 417.5 MB to 417.3 MB.
Total: 3.323000 ms (FindLiveObjects: 0.249917 ms CreateObjectMapping: 0.094208 ms MarkObjects: 2.791667 ms  DeleteObjects: 0.186459 ms)

AssetImportParameters requested are different than current active one (requested -> active):
  custom:video-decoder-ogg-theora: a1e56fd34408186e4bbccfd4996cb3dc -> 
  custom:container-muxer-webm: aa71ff27fc2769a1b78a27578f13a17b -> 
  custom:container-demuxer-webm: 4f35f7cbe854078d1ac9338744f61a02 -> 
  custom:video-encoder-webm-vp8: eb34c28f22e8b96e1ab97ce403110664 -> 
  custom:framework-osx-AVFoundation: e770b220cccbd017edd2c1fefb359320 -> 
  custom:audio-encoder-webm-vorbis: bf7c407c2cedff20999df2af8eb42d56 -> 
  custom:container-demuxer-ogg: 62fdf1f143b41e24485cea50d1cbac27 -> 
  custom:video-decoder-webm-vp8: 9c59270c3fd7afecdb556c50c9e8de78 -> 
  custom:audio-decoder-ogg-vorbis: bf7c407c2cedff20999df2af8eb42d56 -> 
========================================================================
Received Import Request.
  Time since last request: 104.818329 seconds.
  path: Assets/Diving Simulation/Scripts/OxygenBar.cs
  artifactKey: Guid(b3da87c08003992499fe4c19f5743fc7) Importer(815301076,1909f56bfc062723c751e8b465ee728b)
Start importing Assets/Diving Simulation/Scripts/OxygenBar.cs using Guid(b3da87c08003992499fe4c19f5743fc7) Importer(815301076,1909f56bfc062723c751e8b465ee728b)  -> (artifact id: 'b8f95297db991a148811d4c08fc24b18') in 0.010086 seconds 
========================================================================
Received Prepare
Shader 'Oculus/OVRMRCameraFrameLit': fallback shader 'Alpha-Diffuse' not found
Refreshing native plugins compatible for Editor in 4.55 ms, found 4 plugins.
Plugins: Couldn't open /Users/gallom/Documents/GitHub/HCI/DiverInterface2022/Assets/Oculus/Spatializer/Plugins/AudioPluginOculusSpatializer.bundle/Contents/MacOS/AudioPluginOculusSpatializer, error: dlopen(/Users/gallom/Documents/GitHub/HCI/DiverInterface2022/Assets/Oculus/Spatializer/Plugins/AudioPluginOculusSpatializer.bundle/Contents/MacOS/AudioPluginOculusSpatializer, 0x0002): Library not loaded: '@rpath/libthird-party_pffft_pffft.dylib'
  Referenced from: '/Users/gallom/Documents/GitHub/HCI/DiverInterface2022/Assets/Oculus/Spatializer/Plugins/AudioPluginOculusSpatializer.bundle/Contents/MacOS/AudioPluginOculusSpatializer'
  Reason: tried: '/Applications/Unity/Hub/Editor/2021.3.13f1/Unity.app/Contents/MacOS/../Frameworks/libthird-party_pffft_pffft.dylib' (no such file), '/Applications/Unity/Hub/Editor/2021.3.13f1/Unity.app/Contents/MacOS/../Frameworks/libthird-party_pffft_pffft.dylib' (no such file), '/usr/local/lib/libthird-party_pffft_pffft.dylib' (no such file), '/usr/lib/libthird-party_pffft_pffft.dylib' (no such file)
Preloading 1 native plugins for Editor in 0.41 ms.
Unloading 55 Unused Serialized files (Serialized files now loaded: 0)
Unloading 55 unused Assets / (186.5 KB). Loaded Objects now: 7041.
Memory consumption went from 291.8 MB to 291.7 MB.
Total: 9.976250 ms (FindLiveObjects: 0.363750 ms CreateObjectMapping: 0.098917 ms MarkObjects: 9.311208 ms  DeleteObjects: 0.201833 ms)

AssetImportParameters requested are different than current active one (requested -> active):
  custom:video-decoder-ogg-theora: a1e56fd34408186e4bbccfd4996cb3dc -> 
  custom:container-muxer-webm: aa71ff27fc2769a1b78a27578f13a17b -> 
  custom:container-demuxer-webm: 4f35f7cbe854078d1ac9338744f61a02 -> 
  custom:video-encoder-webm-vp8: eb34c28f22e8b96e1ab97ce403110664 -> 
  custom:framework-osx-AVFoundation: e770b220cccbd017edd2c1fefb359320 -> 
  custom:audio-encoder-webm-vorbis: bf7c407c2cedff20999df2af8eb42d56 -> 
  custom:container-demuxer-ogg: 62fdf1f143b41e24485cea50d1cbac27 -> 
  custom:video-decoder-webm-vp8: 9c59270c3fd7afecdb556c50c9e8de78 -> 
  custom:audio-decoder-ogg-vorbis: bf7c407c2cedff20999df2af8eb42d56 -> 
