Using pre-set license
Built from '2021.3/staging' branch; Version is '2021.3.11f1 (0a5ca18544bf) revision 679073'; Using compiler version '192829333'; Build Type 'Release'
OS: 'Windows 11  (10.0.22621) 64bit Professional' Language: 'en' Physical Memory: 65320 MB
BatchMode: 1, IsHumanControllingUs: 0, StartBugReporterOnCrash: 0, Is64bit: 1, IsPro: 1

COMMAND LINE ARGUMENTS:
C:\Program Files\Unity\Hub\Editor\2021.3.11f1\Editor\Unity.exe
-adb2
-batchMode
-noUpm
-name
AssetImportWorker4
-projectPath
C:/Users/hci-admin/Documents/GitHub/DiverInterface2022
-logFile
Logs/AssetImportWorker4.log
-srvPort
51936
Successfully changed project path to: C:/Users/hci-admin/Documents/GitHub/DiverInterface2022
C:/Users/hci-admin/Documents/GitHub/DiverInterface2022
[UnityMemory] Configuration Parameters - Can be set up in boot.config
    "memorysetup-bucket-allocator-granularity=16"
    "memorysetup-bucket-allocator-bucket-count=8"
    "memorysetup-bucket-allocator-block-size=33554432"
    "memorysetup-bucket-allocator-block-count=8"
    "memorysetup-main-allocator-block-size=16777216"
    "memorysetup-thread-allocator-block-size=16777216"
    "memorysetup-gfx-main-allocator-block-size=16777216"
    "memorysetup-gfx-thread-allocator-block-size=16777216"
    "memorysetup-cache-allocator-block-size=4194304"
    "memorysetup-typetree-allocator-block-size=2097152"
    "memorysetup-profiler-bucket-allocator-granularity=16"
    "memorysetup-profiler-bucket-allocator-bucket-count=8"
    "memorysetup-profiler-bucket-allocator-block-size=33554432"
    "memorysetup-profiler-bucket-allocator-block-count=8"
    "memorysetup-profiler-allocator-block-size=16777216"
    "memorysetup-profiler-editor-allocator-block-size=1048576"
    "memorysetup-temp-allocator-size-main=16777216"
    "memorysetup-job-temp-allocator-block-size=2097152"
    "memorysetup-job-temp-allocator-block-size-background=1048576"
    "memorysetup-job-temp-allocator-reduction-small-platforms=262144"
    "memorysetup-temp-allocator-size-background-worker=32768"
    "memorysetup-temp-allocator-size-job-worker=262144"
    "memorysetup-temp-allocator-size-preload-manager=33554432"
    "memorysetup-temp-allocator-size-nav-mesh-worker=65536"
    "memorysetup-temp-allocator-size-audio-worker=65536"
    "memorysetup-temp-allocator-size-cloud-worker=32768"
    "memorysetup-temp-allocator-size-gi-baking-worker=262144"
    "memorysetup-temp-allocator-size-gfx=262144"
Refreshing native plugins compatible for Editor in 110.44 ms, found 8 plugins.
Preloading 1 native plugins for Editor in 0.32 ms.
Initialize engine version: 2021.3.11f1 (0a5ca18544bf)
[Subsystems] Discovering subsystems at path C:/Program Files/Unity/Hub/Editor/2021.3.11f1/Editor/Data/Resources/UnitySubsystems
[Subsystems] Discovering subsystems at path C:/Users/hci-admin/Documents/GitHub/DiverInterface2022/Assets
GfxDevice: creating device client; threaded=0; jobified=0
Direct3D:
    Version:  Direct3D 11.0 [level 11.1]
    Renderer: NVIDIA GeForce RTX 3080 Ti (ID=0x2208)
    Vendor:   NVIDIA
    VRAM:     12108 MB
    Driver:   30.0.14.9676
Shader 'Oculus/OVRMRCameraFrameLit': fallback shader 'Alpha-Diffuse' not found
Initialize mono
Mono path[0] = 'C:/Program Files/Unity/Hub/Editor/2021.3.11f1/Editor/Data/Managed'
Mono path[1] = 'C:/Program Files/Unity/Hub/Editor/2021.3.11f1/Editor/Data/MonoBleedingEdge/lib/mono/unityjit-win32'
Mono config path = 'C:/Program Files/Unity/Hub/Editor/2021.3.11f1/Editor/Data/MonoBleedingEdge/etc'
Using monoOptions --debugger-agent=transport=dt_socket,embedding=1,server=y,suspend=n,address=127.0.0.1:56020
Begin MonoManager ReloadAssembly
Registering precompiled unity dll's ...
Register platform support module: C:/Program Files/Unity/Hub/Editor/2021.3.11f1/Editor/Data/PlaybackEngines/AndroidPlayer/UnityEditor.Android.Extensions.dll
Register platform support module: C:/Program Files/Unity/Hub/Editor/2021.3.11f1/Editor/Data/PlaybackEngines/WindowsStandaloneSupport/UnityEditor.WindowsStandalone.Extensions.dll
Registered in 0.003384 seconds.
Native extension for WindowsStandalone target not found
Native extension for Android target not found
Refreshing native plugins compatible for Editor in 84.53 ms, found 8 plugins.
Preloading 1 native plugins for Editor in 0.11 ms.
Mono: successfully reloaded assembly
- Completed reload, in  0.538 seconds
Domain Reload Profiling:
	ReloadAssembly (538ms)
		BeginReloadAssembly (61ms)
			ExecutionOrderSort (0ms)
			DisableScriptedObjects (0ms)
			BackupInstance (0ms)
			ReleaseScriptingObjects (0ms)
			CreateAndSetChildDomain (1ms)
		EndReloadAssembly (385ms)
			LoadAssemblies (61ms)
			RebuildTransferFunctionScriptingTraits (0ms)
			SetupTypeCache (103ms)
			ReleaseScriptCaches (0ms)
			RebuildScriptCaches (18ms)
			SetupLoadedEditorAssemblies (223ms)
				LogAssemblyErrors (0ms)
				InitializePlatformSupportModulesInManaged (40ms)
				SetLoadedEditorAssemblies (0ms)
				RefreshPlugins (85ms)
				BeforeProcessingInitializeOnLoad (1ms)
				ProcessInitializeOnLoadAttributes (63ms)
				ProcessInitializeOnLoadMethodAttributes (34ms)
				AfterProcessingInitializeOnLoad (0ms)
				EditorAssembliesLoaded (0ms)
			ExecutionOrderSort2 (0ms)
			AwakeInstancesAfterBackupRestoration (0ms)
Platform modules already initialized, skipping
Registering precompiled user dll's ...
Registered in 0.004653 seconds.
Android Extension - Scanning For ADB Devices 677 ms
Begin MonoManager ReloadAssembly
Symbol file LoadedFromMemory doesn't match image C:\Users\hci-admin\Documents\GitHub\DiverInterface2022\Library\PackageCache\com.unity.visualscripting@1.7.8\Editor\VisualScripting.Core\Dependencies\DotNetZip\Unity.VisualScripting.IonicZip.dll
Symbol file LoadedFromMemory doesn't match image C:\Users\hci-admin\Documents\GitHub\DiverInterface2022\Library\PackageCache\com.unity.visualscripting@1.7.8\Editor\VisualScripting.Core\Dependencies\YamlDotNet\Unity.VisualScripting.YamlDotNet.dll
Native extension for WindowsStandalone target not found
Native extension for Android target not found
Refreshing native plugins compatible for Editor in 86.59 ms, found 8 plugins.
Preloading 1 native plugins for Editor in 0.03 ms.
Package Manager log level set to [2]
[XR] OculusXRPlugin: registering subsystems
[XR] Unable to register display lifecyle provider: [1]
[XR] Oculus Input lifecycle provider registered.
[XR] Unable to register input lifecyle provider: [1]
[XR] OVRP version 1.78.0
Mono: successfully reloaded assembly
- Completed reload, in  1.120 seconds
Domain Reload Profiling:
	ReloadAssembly (1121ms)
		BeginReloadAssembly (75ms)
			ExecutionOrderSort (0ms)
			DisableScriptedObjects (4ms)
			BackupInstance (0ms)
			ReleaseScriptingObjects (0ms)
			CreateAndSetChildDomain (15ms)
		EndReloadAssembly (971ms)
			LoadAssemblies (77ms)
			RebuildTransferFunctionScriptingTraits (0ms)
			SetupTypeCache (300ms)
			ReleaseScriptCaches (1ms)
			RebuildScriptCaches (68ms)
			SetupLoadedEditorAssemblies (481ms)
				LogAssemblyErrors (0ms)
				InitializePlatformSupportModulesInManaged (8ms)
				SetLoadedEditorAssemblies (0ms)
				RefreshPlugins (87ms)
				BeforeProcessingInitializeOnLoad (84ms)
				ProcessInitializeOnLoadAttributes (229ms)
				ProcessInitializeOnLoadMethodAttributes (70ms)
				AfterProcessingInitializeOnLoad (3ms)
				EditorAssembliesLoaded (0ms)
			ExecutionOrderSort2 (0ms)
			AwakeInstancesAfterBackupRestoration (4ms)
Platform modules already initialized, skipping
========================================================================
Worker process is ready to serve import requests
Shader 'Oculus/OVRMRCameraFrameLit': fallback shader 'Alpha-Diffuse' not found
Launched and connected shader compiler UnityShaderCompiler.exe after 0.04 seconds
Refreshing native plugins compatible for Editor in 1.43 ms, found 8 plugins.
Preloading 1 native plugins for Editor in 0.06 ms.
Unloading 6472 Unused Serialized files (Serialized files now loaded: 0)
Unloading 62 unused Assets / (151.2 KB). Loaded Objects now: 6918.
Memory consumption went from 260.3 MB to 260.1 MB.
Total: 4.129100 ms (FindLiveObjects: 0.414800 ms CreateObjectMapping: 0.370700 ms MarkObjects: 3.115700 ms  DeleteObjects: 0.226800 ms)

AssetImportParameters requested are different than current active one (requested -> active):
  custom:video-decoder-ogg-theora: a1e56fd34408186e4bbccfd4996cb3dc -> 
  custom:container-muxer-webm: aa71ff27fc2769a1b78a27578f13a17b -> 
  custom:container-demuxer-webm: 4f35f7cbe854078d1ac9338744f61a02 -> 
  custom:video-encoder-webm-vp8: eb34c28f22e8b96e1ab97ce403110664 -> 
  custom:audio-encoder-webm-vorbis: bf7c407c2cedff20999df2af8eb42d56 -> 
  custom:framework-win-MediaFoundation: 216162199b28c13a410421893ffa2e32 -> 
  custom:container-demuxer-ogg: 62fdf1f143b41e24485cea50d1cbac27 -> 
  custom:video-decoder-webm-vp8: 9c59270c3fd7afecdb556c50c9e8de78 -> 
  custom:audio-decoder-ogg-vorbis: bf7c407c2cedff20999df2af8eb42d56 -> 
========================================================================
Received Import Request.
  Time since last request: 46081.347562 seconds.
  path: Assets/Diving Simulation/Materials
  artifactKey: Guid(c5ff24c31826115439da6cdfae759930) Importer(815301076,1909f56bfc062723c751e8b465ee728b)
Start importing Assets/Diving Simulation/Materials using Guid(c5ff24c31826115439da6cdfae759930) Importer(815301076,1909f56bfc062723c751e8b465ee728b)  -> (artifact id: 'f9692f87bcda963f8239d9310e71a3ba') in 0.012575 seconds 
========================================================================
Received Import Request.
  Time since last request: 0.695710 seconds.
  path: Assets/Diving Simulation/Materials/lightBlue_lights 1.mat
  artifactKey: Guid(d885f9d9dc6e0964d8017c00afaf60f7) Importer(815301076,1909f56bfc062723c751e8b465ee728b)
Start importing Assets/Diving Simulation/Materials/lightBlue_lights 1.mat using Guid(d885f9d9dc6e0964d8017c00afaf60f7) Importer(815301076,1909f56bfc062723c751e8b465ee728b)  -> (artifact id: '9480a6a07fbfaab03d58010bff719ba7') in 0.185497 seconds 
========================================================================
Received Import Request.
  Time since last request: 19.565621 seconds.
  path: Assets/Diving Simulation/Materials/Particle.mat
  artifactKey: Guid(0c2a2985ab18b1949a5478311fe4c9b3) Importer(815301076,1909f56bfc062723c751e8b465ee728b)
Start importing Assets/Diving Simulation/Materials/Particle.mat using Guid(0c2a2985ab18b1949a5478311fe4c9b3) Importer(815301076,1909f56bfc062723c751e8b465ee728b)  -> (artifact id: 'e5836386217da44a3c9dfb8bcac5511b') in 0.016603 seconds 
========================================================================
Received Import Request.
  Time since last request: 21.629037 seconds.
  path: Assets/Oculus/Interaction/Samples/Objects/Props/WaterParticles/BubblePopParticle.fbx
  artifactKey: Guid(72c78ce3c437b6146a8939d3c0881f50) Importer(815301076,1909f56bfc062723c751e8b465ee728b)
Start importing Assets/Oculus/Interaction/Samples/Objects/Props/WaterParticles/BubblePopParticle.fbx using Guid(72c78ce3c437b6146a8939d3c0881f50) Importer(815301076,1909f56bfc062723c751e8b465ee728b)  -> (artifact id: 'ddebe6d96a53084544fc00fec566a7e5') in 0.049212 seconds 
========================================================================
Received Import Request.
  Time since last request: 0.000022 seconds.
  path: Assets/Oculus/Interaction/Samples/Objects/Props/WaterParticles/Materials/ParticleStreamMat.mat
  artifactKey: Guid(70b1ef2f08272984eb0d645c1a858744) Importer(815301076,1909f56bfc062723c751e8b465ee728b)
Start importing Assets/Oculus/Interaction/Samples/Objects/Props/WaterParticles/Materials/ParticleStreamMat.mat using Guid(70b1ef2f08272984eb0d645c1a858744) Importer(815301076,1909f56bfc062723c751e8b465ee728b)  -> (artifact id: '58a1df118dc3c57764062cca697d3640') in 0.082132 seconds 
========================================================================
Received Import Request.
  Time since last request: 11.952728 seconds.
  path: Assets/Oculus/Interaction/Samples/Objects/Props/WaterParticles/Textures/SprayAlpha.png
  artifactKey: Guid(c6766195a787bd94cbe3f230af954ee4) Importer(815301076,1909f56bfc062723c751e8b465ee728b)
Start importing Assets/Oculus/Interaction/Samples/Objects/Props/WaterParticles/Textures/SprayAlpha.png using Guid(c6766195a787bd94cbe3f230af954ee4) Importer(815301076,1909f56bfc062723c751e8b465ee728b)  -> (artifact id: 'd1a3dfeb8cf50230c91a3a8084202e7b') in 0.018155 seconds 
========================================================================
Received Import Request.
  Time since last request: 43.024580 seconds.
  path: Assets/Oculus/Interaction/Runtime/Materials/UIUnderlayImposter.mat
  artifactKey: Guid(5c093e4058df12042a75bcb967ca1554) Importer(815301076,1909f56bfc062723c751e8b465ee728b)
Start importing Assets/Oculus/Interaction/Runtime/Materials/UIUnderlayImposter.mat using Guid(5c093e4058df12042a75bcb967ca1554) Importer(815301076,1909f56bfc062723c751e8b465ee728b)  -> (artifact id: '3430cfdb0f1b43b8345e7caca1b2a25d') in 0.035286 seconds 
========================================================================
Received Import Request.
  Time since last request: 71.908291 seconds.
  path: Assets/Oculus/Interaction/Samples/Objects/Props/SprayBottle/Textures/SprayBottleContainer_Albedo.png
  artifactKey: Guid(3d08b21c708cae448833bd71eca3098f) Importer(815301076,1909f56bfc062723c751e8b465ee728b)
Start importing Assets/Oculus/Interaction/Samples/Objects/Props/SprayBottle/Textures/SprayBottleContainer_Albedo.png using Guid(3d08b21c708cae448833bd71eca3098f) Importer(815301076,1909f56bfc062723c751e8b465ee728b)  -> (artifact id: '16606c11227b964f5447892b49f98405') in 0.016367 seconds 
========================================================================
Received Import Request.
  Time since last request: 0.000097 seconds.
  path: Assets/Oculus/Interaction/Samples/Objects/Props/StonePolyhedra/Textures/StonePolyhedra_AlbedoRoughness.png
  artifactKey: Guid(df3b7f768855d84488996d9141f6afc9) Importer(815301076,1909f56bfc062723c751e8b465ee728b)
Start importing Assets/Oculus/Interaction/Samples/Objects/Props/StonePolyhedra/Textures/StonePolyhedra_AlbedoRoughness.png using Guid(df3b7f768855d84488996d9141f6afc9) Importer(815301076,1909f56bfc062723c751e8b465ee728b)  -> (artifact id: '542a4234dec25bf2926323795faf0215') in 0.026150 seconds 
========================================================================
Received Import Request.
  Time since last request: 0.000026 seconds.
  path: Assets/Oculus/SampleFramework/Usage/SharedAssets/Textures/triangles.png
  artifactKey: Guid(53aa997cbf3a15e48b78352b94e3f1b9) Importer(815301076,1909f56bfc062723c751e8b465ee728b)
Start importing Assets/Oculus/SampleFramework/Usage/SharedAssets/Textures/triangles.png using Guid(53aa997cbf3a15e48b78352b94e3f1b9) Importer(815301076,1909f56bfc062723c751e8b465ee728b)  -> (artifact id: 'a79622de241f80ebadadf7e355378ac7') in 0.017496 seconds 
========================================================================
Received Import Request.
  Time since last request: 0.000021 seconds.
  path: Assets/Oculus/SampleFramework/Usage/OVROverlay/Textures/Tile_Texture_CinemaText.png
  artifactKey: Guid(695537b83ff4c854ba3a62d3350a26ec) Importer(815301076,1909f56bfc062723c751e8b465ee728b)
Start importing Assets/Oculus/SampleFramework/Usage/OVROverlay/Textures/Tile_Texture_CinemaText.png using Guid(695537b83ff4c854ba3a62d3350a26ec) Importer(815301076,1909f56bfc062723c751e8b465ee728b)  -> (artifact id: '2f0ff0e799df9a1453ef5946d8a664a7') in 0.018603 seconds 
========================================================================
Received Import Request.
  Time since last request: 0.000026 seconds.
  path: Assets/Oculus/VR/Textures/OculusTouchForRift/touchController_albedo.png
  artifactKey: Guid(063f7a502a7e06e428090710e8286b2b) Importer(815301076,1909f56bfc062723c751e8b465ee728b)
Start importing Assets/Oculus/VR/Textures/OculusTouchForRift/touchController_albedo.png using Guid(063f7a502a7e06e428090710e8286b2b) Importer(815301076,1909f56bfc062723c751e8b465ee728b)  -> (artifact id: 'efb6e740ebe6f1a9c59c840e806b7a32') in 0.044698 seconds 
========================================================================
Received Import Request.
  Time since last request: 0.000026 seconds.
  path: Assets/Oculus/Interaction/Samples/Objects/Props/SprayBottle/Textures/SprayBottleTop_Normal.png
  artifactKey: Guid(448ac58650d601b4dad7f5f611e6b90a) Importer(815301076,1909f56bfc062723c751e8b465ee728b)
Start importing Assets/Oculus/Interaction/Samples/Objects/Props/SprayBottle/Textures/SprayBottleTop_Normal.png using Guid(448ac58650d601b4dad7f5f611e6b90a) Importer(815301076,1909f56bfc062723c751e8b465ee728b)  -> (artifact id: '851bb73cea88f4bb421fbd2a92eb0121') in 0.019994 seconds 
========================================================================
Received Import Request.
  Time since last request: 0.000024 seconds.
  path: Assets/Oculus/SampleFramework/Core/DebugUI/Textures/translucent_01.png
  artifactKey: Guid(7ebd72557d873024e8afa355e92d435f) Importer(815301076,1909f56bfc062723c751e8b465ee728b)
Start importing Assets/Oculus/SampleFramework/Core/DebugUI/Textures/translucent_01.png using Guid(7ebd72557d873024e8afa355e92d435f) Importer(815301076,1909f56bfc062723c751e8b465ee728b)  -> (artifact id: '01fc4b02c79850f3976e171ba56cab91') in 0.026080 seconds 
========================================================================
Received Import Request.
  Time since last request: 0.000054 seconds.
  path: Assets/Oculus/SampleFramework/Usage/OVROverlay/Textures/Tile_Texture_Cinema.png
  artifactKey: Guid(bbb53525b0a17364d8b239d5627667e5) Importer(815301076,1909f56bfc062723c751e8b465ee728b)
Start importing Assets/Oculus/SampleFramework/Usage/OVROverlay/Textures/Tile_Texture_Cinema.png using Guid(bbb53525b0a17364d8b239d5627667e5) Importer(815301076,1909f56bfc062723c751e8b465ee728b)  -> (artifact id: 'fb4655411afe199ee38b5f91943f25f2') in 0.015658 seconds 
========================================================================
Received Import Request.
  Time since last request: 0.000029 seconds.
  path: Assets/Oculus/Interaction/Samples/Objects/Props/Torch/Textures/torchTexture_Albedo.png
  artifactKey: Guid(556db76eed328a140ab90ca35c835f01) Importer(815301076,1909f56bfc062723c751e8b465ee728b)
Start importing Assets/Oculus/Interaction/Samples/Objects/Props/Torch/Textures/torchTexture_Albedo.png using Guid(556db76eed328a140ab90ca35c835f01) Importer(815301076,1909f56bfc062723c751e8b465ee728b)  -> (artifact id: 'e495ea780562793a51a339a33f263ad4') in 0.021302 seconds 
========================================================================
Received Import Request.
  Time since last request: 0.000023 seconds.
  path: Assets/Oculus/SampleFramework/Usage/Locomotion/Textures/wall_brick_01_dif.png
  artifactKey: Guid(b5d7fd3784c8d40d78ffb8d454a19944) Importer(815301076,1909f56bfc062723c751e8b465ee728b)
Start importing Assets/Oculus/SampleFramework/Usage/Locomotion/Textures/wall_brick_01_dif.png using Guid(b5d7fd3784c8d40d78ffb8d454a19944) Importer(815301076,1909f56bfc062723c751e8b465ee728b)  -> (artifact id: '1fe9927a385961c606b46674b21107f2') in 0.049971 seconds 
========================================================================
Received Import Request.
  Time since last request: 0.000020 seconds.
  path: Assets/Oculus/Interaction/Samples/Textures/ThumbsDown.png
  artifactKey: Guid(bf7ae21f9db3f3b448d10cfe94c0f414) Importer(815301076,1909f56bfc062723c751e8b465ee728b)
Start importing Assets/Oculus/Interaction/Samples/Textures/ThumbsDown.png using Guid(bf7ae21f9db3f3b448d10cfe94c0f414) Importer(815301076,1909f56bfc062723c751e8b465ee728b)  -> (artifact id: '3c18f751f78eb9913a5e07068d34e501') in 0.013061 seconds 
========================================================================
Received Import Request.
  Time since last request: 0.000023 seconds.
  path: Assets/Oculus/LipSync/Models/RobotHead_TextureFlip/SS.png
  artifactKey: Guid(31e6326c0bd6143479322c5b4a5fe949) Importer(815301076,1909f56bfc062723c751e8b465ee728b)
Start importing Assets/Oculus/LipSync/Models/RobotHead_TextureFlip/SS.png using Guid(31e6326c0bd6143479322c5b4a5fe949) Importer(815301076,1909f56bfc062723c751e8b465ee728b)  -> (artifact id: 'b8e787b061288547d618b8a0bad5f3a1') in 0.027929 seconds 
========================================================================
Received Import Request.
  Time since last request: 0.000022 seconds.
  path: Assets/Oculus/Interaction/Samples/Textures/ThumbsUp.png
  artifactKey: Guid(0273a7da6a8578c4380ba8323d3d6fde) Importer(815301076,1909f56bfc062723c751e8b465ee728b)
Start importing Assets/Oculus/Interaction/Samples/Textures/ThumbsUp.png using Guid(0273a7da6a8578c4380ba8323d3d6fde) Importer(815301076,1909f56bfc062723c751e8b465ee728b)  -> (artifact id: '86fe5806dce8fe7b5e6c837b667d1ba9') in 0.013643 seconds 
========================================================================
Received Import Request.
  Time since last request: 0.000024 seconds.
  path: Assets/Oculus/Interaction/Samples/Objects/Environment/Tooltips/NearSwipe/SwipeInstructions.renderTexture
  artifactKey: Guid(35d66362d6f77134c925c9306218643e) Importer(815301076,1909f56bfc062723c751e8b465ee728b)
Start importing Assets/Oculus/Interaction/Samples/Objects/Environment/Tooltips/NearSwipe/SwipeInstructions.renderTexture using Guid(35d66362d6f77134c925c9306218643e) Importer(815301076,1909f56bfc062723c751e8b465ee728b)  -> (artifact id: 'c639f0d35cb5add04119fd2e4e531adc') in 0.021874 seconds 
========================================================================
Received Import Request.
  Time since last request: 0.000024 seconds.
  path: Assets/Oculus/SampleFramework/Usage/OVROverlay/Textures/VRCompositorExplain.png
  artifactKey: Guid(23233d83117b40244b7dc190b15bb597) Importer(815301076,1909f56bfc062723c751e8b465ee728b)
Start importing Assets/Oculus/SampleFramework/Usage/OVROverlay/Textures/VRCompositorExplain.png using Guid(23233d83117b40244b7dc190b15bb597) Importer(815301076,1909f56bfc062723c751e8b465ee728b)  -> (artifact id: '568cda64f5fa921d1fffb3306d8fbece') in 0.025948 seconds 
========================================================================
Received Import Request.
  Time since last request: 0.000049 seconds.
  path: Assets/Oculus/Interaction/Samples/Objects/Props/SprayBottle/Textures/SprayBottleTop_Albedo.png
  artifactKey: Guid(174670018066ac34eb67eab33bcbe2ca) Importer(815301076,1909f56bfc062723c751e8b465ee728b)
Start importing Assets/Oculus/Interaction/Samples/Objects/Props/SprayBottle/Textures/SprayBottleTop_Albedo.png using Guid(174670018066ac34eb67eab33bcbe2ca) Importer(815301076,1909f56bfc062723c751e8b465ee728b)  -> (artifact id: 'bbc54417525076efbe15ad90ea89bdda') in 0.020359 seconds 
========================================================================
Received Import Request.
  Time since last request: 0.000022 seconds.
  path: Assets/Oculus/Interaction/Samples/Objects/Props/Torch/Textures/torchTexture_Metal.png
  artifactKey: Guid(d93b1bf13e6a6304da577e91409bdc28) Importer(815301076,1909f56bfc062723c751e8b465ee728b)
Start importing Assets/Oculus/Interaction/Samples/Objects/Props/Torch/Textures/torchTexture_Metal.png using Guid(d93b1bf13e6a6304da577e91409bdc28) Importer(815301076,1909f56bfc062723c751e8b465ee728b)  -> (artifact id: '860c8b68e150da738563cc3d02ef4a47') in 0.023696 seconds 
========================================================================
Received Import Request.
  Time since last request: 1.044912 seconds.
  path: Assets/Oculus/SampleFramework/Usage/Locomotion/Textures/wall_cinder_01_dif.png
  artifactKey: Guid(f7015a3434c124bc8a51d1d13bac63bf) Importer(815301076,1909f56bfc062723c751e8b465ee728b)
Start importing Assets/Oculus/SampleFramework/Usage/Locomotion/Textures/wall_cinder_01_dif.png using Guid(f7015a3434c124bc8a51d1d13bac63bf) Importer(815301076,1909f56bfc062723c751e8b465ee728b)  -> (artifact id: 'fd1a5316be36f5228abecb972f736b5e') in 0.048342 seconds 
========================================================================
Received Import Request.
  Time since last request: 0.000022 seconds.
  path: Assets/Oculus/SampleFramework/Usage/Locomotion/Textures/wall_cinder_01_nml.png
  artifactKey: Guid(158ed6dbb513a4b9eb8942f0f15401d1) Importer(815301076,1909f56bfc062723c751e8b465ee728b)
Start importing Assets/Oculus/SampleFramework/Usage/Locomotion/Textures/wall_cinder_01_nml.png using Guid(158ed6dbb513a4b9eb8942f0f15401d1) Importer(815301076,1909f56bfc062723c751e8b465ee728b)  -> (artifact id: '0e3fe54fed9170543813972ea0cf0f13') in 0.050898 seconds 
========================================================================
Received Import Request.
  Time since last request: 0.000026 seconds.
  path: Assets/Oculus/SampleFramework/Usage/Passthrough/Materials/WristFade.png
  artifactKey: Guid(bb0379854428fda4aa7a671885a12bb2) Importer(815301076,1909f56bfc062723c751e8b465ee728b)
Start importing Assets/Oculus/SampleFramework/Usage/Passthrough/Materials/WristFade.png using Guid(bb0379854428fda4aa7a671885a12bb2) Importer(815301076,1909f56bfc062723c751e8b465ee728b)  -> (artifact id: 'ff4e0f018a05ba293f1116a32fba9074') in 0.023567 seconds 
========================================================================
Received Import Request.
  Time since last request: 0.150087 seconds.
  path: Assets/Oculus/SampleFramework/Core/DebugUI/Textures/header.png
  artifactKey: Guid(eee045d55647138479b30e687b81c7e3) Importer(815301076,1909f56bfc062723c751e8b465ee728b)
Start importing Assets/Oculus/SampleFramework/Core/DebugUI/Textures/header.png using Guid(eee045d55647138479b30e687b81c7e3) Importer(815301076,1909f56bfc062723c751e8b465ee728b)  -> (artifact id: '08e38c77624ba86a23d115e8ce34d6ef') in 0.019624 seconds 
========================================================================
Received Import Request.
  Time since last request: 0.000022 seconds.
  path: Assets/Oculus/SampleFramework/Usage/HandsTrainExample/Textures/selection_cylinder_filled.png
  artifactKey: Guid(5e00d9c6ac492e447b6f74beeadcd1fe) Importer(815301076,1909f56bfc062723c751e8b465ee728b)
Start importing Assets/Oculus/SampleFramework/Usage/HandsTrainExample/Textures/selection_cylinder_filled.png using Guid(5e00d9c6ac492e447b6f74beeadcd1fe) Importer(815301076,1909f56bfc062723c751e8b465ee728b)  -> (artifact id: 'c37a13e4f0e07083551c74e7f054a2c2') in 0.016430 seconds 
========================================================================
Received Import Request.
  Time since last request: 0.000022 seconds.
  path: Assets/Oculus/SampleFramework/Core/DebugUI/Textures/slider_bar.png
  artifactKey: Guid(71df6d228f4ab4245b9791d80663baa4) Importer(815301076,1909f56bfc062723c751e8b465ee728b)
Start importing Assets/Oculus/SampleFramework/Core/DebugUI/Textures/slider_bar.png using Guid(71df6d228f4ab4245b9791d80663baa4) Importer(815301076,1909f56bfc062723c751e8b465ee728b)  -> (artifact id: '5bc4062132880a5a71b8aa3ddb82c918') in 0.028715 seconds 
Editor requested this worker to shutdown with reason: Scaling down because of idle timeout
AssetImportWorker is now disconnected from the server
Process exiting
Exiting without the bug reporter. Application will terminate with return code 0